2015-08-14 00:30:42 DEBUG logging:192 - Logging Provider: org.jboss.logging.Log4jLoggerProvider
2015-08-14 00:30:42 DEBUG BasicTypeRegistry:146 - Adding type registration boolean -> org.hibernate.type.BooleanType@dfd3711
2015-08-14 00:30:42 DEBUG BasicTypeRegistry:146 - Adding type registration boolean -> org.hibernate.type.BooleanType@dfd3711
2015-08-14 00:30:42 DEBUG BasicTypeRegistry:146 - Adding type registration java.lang.Boolean -> org.hibernate.type.BooleanType@dfd3711
2015-08-14 00:30:42 DEBUG BasicTypeRegistry:146 - Adding type registration numeric_boolean -> org.hibernate.type.NumericBooleanType@64616ca2
2015-08-14 00:30:42 DEBUG BasicTypeRegistry:146 - Adding type registration true_false -> org.hibernate.type.TrueFalseType@1324409e
2015-08-14 00:30:42 DEBUG BasicTypeRegistry:146 - Adding type registration yes_no -> org.hibernate.type.YesNoType@62043840
2015-08-14 00:30:42 DEBUG BasicTypeRegistry:146 - Adding type registration byte -> org.hibernate.type.ByteType@6fb554cc
2015-08-14 00:30:42 DEBUG BasicTypeRegistry:146 - Adding type registration byte -> org.hibernate.type.ByteType@6fb554cc
2015-08-14 00:30:42 DEBUG BasicTypeRegistry:146 - Adding type registration java.lang.Byte -> org.hibernate.type.ByteType@6fb554cc
2015-08-14 00:30:42 DEBUG BasicTypeRegistry:146 - Adding type registration character -> org.hibernate.type.CharacterType@3567135c
2015-08-14 00:30:42 DEBUG BasicTypeRegistry:146 - Adding type registration char -> org.hibernate.type.CharacterType@3567135c
2015-08-14 00:30:42 DEBUG BasicTypeRegistry:146 - Adding type registration java.lang.Character -> org.hibernate.type.CharacterType@3567135c
2015-08-14 00:30:42 DEBUG BasicTypeRegistry:146 - Adding type registration short -> org.hibernate.type.ShortType@6615435c
2015-08-14 00:30:42 DEBUG BasicTypeRegistry:146 - Adding type registration short -> org.hibernate.type.ShortType@6615435c
2015-08-14 00:30:42 DEBUG BasicTypeRegistry:146 - Adding type registration java.lang.Short -> org.hibernate.type.ShortType@6615435c
2015-08-14 00:30:42 DEBUG BasicTypeRegistry:146 - Adding type registration integer -> org.hibernate.type.IntegerType@3cbbc1e0
2015-08-14 00:30:42 DEBUG BasicTypeRegistry:146 - Adding type registration int -> org.hibernate.type.IntegerType@3cbbc1e0
2015-08-14 00:30:42 DEBUG BasicTypeRegistry:146 - Adding type registration java.lang.Integer -> org.hibernate.type.IntegerType@3cbbc1e0
2015-08-14 00:30:42 DEBUG BasicTypeRegistry:146 - Adding type registration long -> org.hibernate.type.LongType@52af6cff
2015-08-14 00:30:42 DEBUG BasicTypeRegistry:146 - Adding type registration long -> org.hibernate.type.LongType@52af6cff
2015-08-14 00:30:42 DEBUG BasicTypeRegistry:146 - Adding type registration java.lang.Long -> org.hibernate.type.LongType@52af6cff
2015-08-14 00:30:42 DEBUG BasicTypeRegistry:146 - Adding type registration float -> org.hibernate.type.FloatType@13c78c0b
2015-08-14 00:30:42 DEBUG BasicTypeRegistry:146 - Adding type registration float -> org.hibernate.type.FloatType@13c78c0b
2015-08-14 00:30:42 DEBUG BasicTypeRegistry:146 - Adding type registration java.lang.Float -> org.hibernate.type.FloatType@13c78c0b
2015-08-14 00:30:42 DEBUG BasicTypeRegistry:146 - Adding type registration double -> org.hibernate.type.DoubleType@13a57a3b
2015-08-14 00:30:42 DEBUG BasicTypeRegistry:146 - Adding type registration double -> org.hibernate.type.DoubleType@13a57a3b
2015-08-14 00:30:42 DEBUG BasicTypeRegistry:146 - Adding type registration java.lang.Double -> org.hibernate.type.DoubleType@13a57a3b
2015-08-14 00:30:42 DEBUG BasicTypeRegistry:146 - Adding type registration big_decimal -> org.hibernate.type.BigDecimalType@b97c004
2015-08-14 00:30:42 DEBUG BasicTypeRegistry:146 - Adding type registration java.math.BigDecimal -> org.hibernate.type.BigDecimalType@b97c004
2015-08-14 00:30:42 DEBUG BasicTypeRegistry:146 - Adding type registration big_integer -> org.hibernate.type.BigIntegerType@2344fc66
2015-08-14 00:30:42 DEBUG BasicTypeRegistry:146 - Adding type registration java.math.BigInteger -> org.hibernate.type.BigIntegerType@2344fc66
2015-08-14 00:30:42 DEBUG BasicTypeRegistry:146 - Adding type registration string -> org.hibernate.type.StringType@174d20a
2015-08-14 00:30:42 DEBUG BasicTypeRegistry:146 - Adding type registration java.lang.String -> org.hibernate.type.StringType@174d20a
2015-08-14 00:30:42 DEBUG BasicTypeRegistry:146 - Adding type registration nstring -> org.hibernate.type.StringNVarcharType@3c756e4d
2015-08-14 00:30:42 DEBUG BasicTypeRegistry:146 - Adding type registration ncharacter -> org.hibernate.type.CharacterNCharType@5ae9a829
2015-08-14 00:30:42 DEBUG BasicTypeRegistry:146 - Adding type registration url -> org.hibernate.type.UrlType@5f375618
2015-08-14 00:30:42 DEBUG BasicTypeRegistry:146 - Adding type registration java.net.URL -> org.hibernate.type.UrlType@5f375618
2015-08-14 00:30:42 DEBUG BasicTypeRegistry:146 - Adding type registration date -> org.hibernate.type.DateType@3a82f6ef
2015-08-14 00:30:42 DEBUG BasicTypeRegistry:146 - Adding type registration java.sql.Date -> org.hibernate.type.DateType@3a82f6ef
2015-08-14 00:30:42 DEBUG BasicTypeRegistry:146 - Adding type registration time -> org.hibernate.type.TimeType@5034c75a
2015-08-14 00:30:42 DEBUG BasicTypeRegistry:146 - Adding type registration java.sql.Time -> org.hibernate.type.TimeType@5034c75a
2015-08-14 00:30:42 DEBUG BasicTypeRegistry:146 - Adding type registration timestamp -> org.hibernate.type.TimestampType@58651fd0
2015-08-14 00:30:42 DEBUG BasicTypeRegistry:146 - Adding type registration java.sql.Timestamp -> org.hibernate.type.TimestampType@58651fd0
2015-08-14 00:30:42 DEBUG BasicTypeRegistry:146 - Adding type registration java.util.Date -> org.hibernate.type.TimestampType@58651fd0
2015-08-14 00:30:42 DEBUG BasicTypeRegistry:146 - Adding type registration dbtimestamp -> org.hibernate.type.DbTimestampType@7dc7cbad
2015-08-14 00:30:42 DEBUG BasicTypeRegistry:146 - Adding type registration calendar -> org.hibernate.type.CalendarType@2a2d45ba
2015-08-14 00:30:42 DEBUG BasicTypeRegistry:146 - Adding type registration java.util.Calendar -> org.hibernate.type.CalendarType@2a2d45ba
2015-08-14 00:30:42 DEBUG BasicTypeRegistry:146 - Adding type registration java.util.GregorianCalendar -> org.hibernate.type.CalendarType@2a2d45ba
2015-08-14 00:30:42 DEBUG BasicTypeRegistry:146 - Adding type registration calendar_date -> org.hibernate.type.CalendarDateType@68be2bc2
2015-08-14 00:30:42 DEBUG BasicTypeRegistry:146 - Adding type registration locale -> org.hibernate.type.LocaleType@1b604f19
2015-08-14 00:30:42 DEBUG BasicTypeRegistry:146 - Adding type registration java.util.Locale -> org.hibernate.type.LocaleType@1b604f19
2015-08-14 00:30:42 DEBUG BasicTypeRegistry:146 - Adding type registration currency -> org.hibernate.type.CurrencyType@724af044
2015-08-14 00:30:42 DEBUG BasicTypeRegistry:146 - Adding type registration java.util.Currency -> org.hibernate.type.CurrencyType@724af044
2015-08-14 00:30:42 DEBUG BasicTypeRegistry:146 - Adding type registration timezone -> org.hibernate.type.TimeZoneType@55f3ddb1
2015-08-14 00:30:42 DEBUG BasicTypeRegistry:146 - Adding type registration java.util.TimeZone -> org.hibernate.type.TimeZoneType@55f3ddb1
2015-08-14 00:30:42 DEBUG BasicTypeRegistry:146 - Adding type registration class -> org.hibernate.type.ClassType@475530b9
2015-08-14 00:30:42 DEBUG BasicTypeRegistry:146 - Adding type registration java.lang.Class -> org.hibernate.type.ClassType@475530b9
2015-08-14 00:30:42 DEBUG BasicTypeRegistry:146 - Adding type registration uuid-binary -> org.hibernate.type.UUIDBinaryType@4501b7af
2015-08-14 00:30:42 DEBUG BasicTypeRegistry:146 - Adding type registration java.util.UUID -> org.hibernate.type.UUIDBinaryType@4501b7af
2015-08-14 00:30:42 DEBUG BasicTypeRegistry:146 - Adding type registration uuid-char -> org.hibernate.type.UUIDCharType@61832929
2015-08-14 00:30:42 DEBUG BasicTypeRegistry:146 - Adding type registration pg-uuid -> org.hibernate.type.PostgresUUIDType@3532ec19
2015-08-14 00:30:42 DEBUG BasicTypeRegistry:146 - Adding type registration binary -> org.hibernate.type.BinaryType@47c62251
2015-08-14 00:30:42 DEBUG BasicTypeRegistry:146 - Adding type registration byte[] -> org.hibernate.type.BinaryType@47c62251
2015-08-14 00:30:42 DEBUG BasicTypeRegistry:146 - Adding type registration [B -> org.hibernate.type.BinaryType@47c62251
2015-08-14 00:30:42 DEBUG BasicTypeRegistry:146 - Adding type registration wrapper-binary -> org.hibernate.type.WrapperBinaryType@3bfdc050
2015-08-14 00:30:42 DEBUG BasicTypeRegistry:146 - Adding type registration Byte[] -> org.hibernate.type.WrapperBinaryType@3bfdc050
2015-08-14 00:30:42 DEBUG BasicTypeRegistry:146 - Adding type registration [Ljava.lang.Byte; -> org.hibernate.type.WrapperBinaryType@3bfdc050
2015-08-14 00:30:42 DEBUG BasicTypeRegistry:146 - Adding type registration image -> org.hibernate.type.ImageType@604ed9f0
2015-08-14 00:30:42 DEBUG BasicTypeRegistry:146 - Adding type registration characters -> org.hibernate.type.CharArrayType@6093dd95
2015-08-14 00:30:42 DEBUG BasicTypeRegistry:146 - Adding type registration char[] -> org.hibernate.type.CharArrayType@6093dd95
2015-08-14 00:30:42 DEBUG BasicTypeRegistry:146 - Adding type registration [C -> org.hibernate.type.CharArrayType@6093dd95
2015-08-14 00:30:42 DEBUG BasicTypeRegistry:146 - Adding type registration wrapper-characters -> org.hibernate.type.CharacterArrayType@42e26948
2015-08-14 00:30:42 DEBUG BasicTypeRegistry:146 - Adding type registration [Ljava.lang.Character; -> org.hibernate.type.CharacterArrayType@42e26948
2015-08-14 00:30:42 DEBUG BasicTypeRegistry:146 - Adding type registration Character[] -> org.hibernate.type.CharacterArrayType@42e26948
2015-08-14 00:30:42 DEBUG BasicTypeRegistry:146 - Adding type registration text -> org.hibernate.type.TextType@548e7350
2015-08-14 00:30:42 DEBUG BasicTypeRegistry:146 - Adding type registration ntext -> org.hibernate.type.NTextType@e25b2fe
2015-08-14 00:30:42 DEBUG BasicTypeRegistry:146 - Adding type registration blob -> org.hibernate.type.BlobType@7085bdee
2015-08-14 00:30:42 DEBUG BasicTypeRegistry:146 - Adding type registration java.sql.Blob -> org.hibernate.type.BlobType@7085bdee
2015-08-14 00:30:42 DEBUG BasicTypeRegistry:146 - Adding type registration materialized_blob -> org.hibernate.type.MaterializedBlobType@6fd02e5
2015-08-14 00:30:42 DEBUG BasicTypeRegistry:146 - Adding type registration clob -> org.hibernate.type.ClobType@73846619
2015-08-14 00:30:42 DEBUG BasicTypeRegistry:146 - Adding type registration java.sql.Clob -> org.hibernate.type.ClobType@73846619
2015-08-14 00:30:42 DEBUG BasicTypeRegistry:146 - Adding type registration nclob -> org.hibernate.type.NClobType@3c0f93f1
2015-08-14 00:30:42 DEBUG BasicTypeRegistry:146 - Adding type registration java.sql.NClob -> org.hibernate.type.NClobType@3c0f93f1
2015-08-14 00:30:42 DEBUG BasicTypeRegistry:146 - Adding type registration materialized_clob -> org.hibernate.type.MaterializedClobType@31610302
2015-08-14 00:30:42 DEBUG BasicTypeRegistry:146 - Adding type registration materialized_nclob -> org.hibernate.type.MaterializedNClobType@a67c67e
2015-08-14 00:30:42 DEBUG BasicTypeRegistry:146 - Adding type registration serializable -> org.hibernate.type.SerializableType@78c03f1f
2015-08-14 00:30:42 DEBUG BasicTypeRegistry:146 - Adding type registration object -> org.hibernate.type.ObjectType@6d7b4f4c
2015-08-14 00:30:42 DEBUG BasicTypeRegistry:146 - Adding type registration java.lang.Object -> org.hibernate.type.ObjectType@6d7b4f4c
2015-08-14 00:30:42 DEBUG BasicTypeRegistry:146 - Adding type registration imm_date -> org.hibernate.type.AdaptedImmutableType@3108bc
2015-08-14 00:30:42 DEBUG BasicTypeRegistry:146 - Adding type registration imm_time -> org.hibernate.type.AdaptedImmutableType@370736d9
2015-08-14 00:30:42 DEBUG BasicTypeRegistry:146 - Adding type registration imm_timestamp -> org.hibernate.type.AdaptedImmutableType@5f9d02cb
2015-08-14 00:30:42 DEBUG BasicTypeRegistry:146 - Adding type registration imm_dbtimestamp -> org.hibernate.type.AdaptedImmutableType@63753b6d
2015-08-14 00:30:42 DEBUG BasicTypeRegistry:146 - Adding type registration imm_calendar -> org.hibernate.type.AdaptedImmutableType@6b09bb57
2015-08-14 00:30:42 DEBUG BasicTypeRegistry:146 - Adding type registration imm_calendar_date -> org.hibernate.type.AdaptedImmutableType@6536e911
2015-08-14 00:30:42 DEBUG BasicTypeRegistry:146 - Adding type registration imm_binary -> org.hibernate.type.AdaptedImmutableType@520a3426
2015-08-14 00:30:42 DEBUG BasicTypeRegistry:146 - Adding type registration imm_serializable -> org.hibernate.type.AdaptedImmutableType@18eed359
2015-08-14 00:30:42 INFO  Version:66 - HCANN000001: Hibernate Commons Annotations {4.0.4.Final}
2015-08-14 00:30:42 INFO  Version:54 - HHH000412: Hibernate Core {4.3.5.Final}
2015-08-14 00:30:42 INFO  Environment:239 - HHH000206: hibernate.properties not found
2015-08-14 00:30:42 INFO  Environment:346 - HHH000021: Bytecode provider name : javassist
2015-08-14 00:30:42 DEBUG DefaultIdentifierGeneratorFactory:93 - Registering IdentifierGenerator strategy [uuid2] -> [org.hibernate.id.UUIDGenerator]
2015-08-14 00:30:42 DEBUG DefaultIdentifierGeneratorFactory:93 - Registering IdentifierGenerator strategy [guid] -> [org.hibernate.id.GUIDGenerator]
2015-08-14 00:30:42 DEBUG DefaultIdentifierGeneratorFactory:93 - Registering IdentifierGenerator strategy [uuid] -> [org.hibernate.id.UUIDHexGenerator]
2015-08-14 00:30:42 DEBUG DefaultIdentifierGeneratorFactory:93 - Registering IdentifierGenerator strategy [uuid.hex] -> [org.hibernate.id.UUIDHexGenerator]
2015-08-14 00:30:42 DEBUG DefaultIdentifierGeneratorFactory:93 - Registering IdentifierGenerator strategy [hilo] -> [org.hibernate.id.TableHiLoGenerator]
2015-08-14 00:30:42 DEBUG DefaultIdentifierGeneratorFactory:93 - Registering IdentifierGenerator strategy [assigned] -> [org.hibernate.id.Assigned]
2015-08-14 00:30:42 DEBUG DefaultIdentifierGeneratorFactory:93 - Registering IdentifierGenerator strategy [identity] -> [org.hibernate.id.IdentityGenerator]
2015-08-14 00:30:42 DEBUG DefaultIdentifierGeneratorFactory:93 - Registering IdentifierGenerator strategy [select] -> [org.hibernate.id.SelectGenerator]
2015-08-14 00:30:42 DEBUG DefaultIdentifierGeneratorFactory:93 - Registering IdentifierGenerator strategy [sequence] -> [org.hibernate.id.SequenceGenerator]
2015-08-14 00:30:42 DEBUG DefaultIdentifierGeneratorFactory:93 - Registering IdentifierGenerator strategy [seqhilo] -> [org.hibernate.id.SequenceHiLoGenerator]
2015-08-14 00:30:42 DEBUG DefaultIdentifierGeneratorFactory:93 - Registering IdentifierGenerator strategy [increment] -> [org.hibernate.id.IncrementGenerator]
2015-08-14 00:30:42 DEBUG DefaultIdentifierGeneratorFactory:93 - Registering IdentifierGenerator strategy [foreign] -> [org.hibernate.id.ForeignGenerator]
2015-08-14 00:30:42 DEBUG DefaultIdentifierGeneratorFactory:93 - Registering IdentifierGenerator strategy [sequence-identity] -> [org.hibernate.id.SequenceIdentityGenerator]
2015-08-14 00:30:42 DEBUG DefaultIdentifierGeneratorFactory:93 - Registering IdentifierGenerator strategy [enhanced-sequence] -> [org.hibernate.id.enhanced.SequenceStyleGenerator]
2015-08-14 00:30:42 DEBUG DefaultIdentifierGeneratorFactory:93 - Registering IdentifierGenerator strategy [enhanced-table] -> [org.hibernate.id.enhanced.TableGenerator]
2015-08-14 00:30:42 INFO  Configuration:2073 - HHH000043: Configuring from resource: hibernate.cfg.xml
2015-08-14 00:30:42 INFO  Configuration:2092 - HHH000040: Configuration resource: hibernate.cfg.xml
2015-08-14 00:30:42 DEBUG DTDEntityResolver:69 - Trying to resolve system-id [http://www.hibernate.org/dtd/hibernate-configuration-3.0.dtd]
2015-08-14 00:30:42 DEBUG DTDEntityResolver:71 - Recognized hibernate namespace; attempting to resolve on classpath under org/hibernate/
2015-08-14 00:30:42 DEBUG DTDEntityResolver:108 - Located [http://www.hibernate.org/dtd/hibernate-configuration-3.0.dtd] in classpath
2015-08-14 00:30:42 DEBUG Configuration:2035 - hibernate.bytecode.use_reflection_optimizer=false
2015-08-14 00:30:42 DEBUG Configuration:2035 - connection.driver_class=org.hsqldb.jdbcDriver
2015-08-14 00:30:42 DEBUG Configuration:2035 - hibernate.connection.password=
2015-08-14 00:30:42 DEBUG Configuration:2035 - hibernate.connection.url=jdbc:hsqldb:file:tmp/dbOne;sql.syntax_mys=true
2015-08-14 00:30:42 DEBUG Configuration:2035 - hibernate.hbm2ddl.auto=create-drop
2015-08-14 00:30:42 DEBUG Configuration:2035 - hibernate.connection.username=sa
2015-08-14 00:30:42 DEBUG Configuration:2035 - hibernate.dialect=org.hibernate.dialect.HSQLDialect
2015-08-14 00:30:42 DEBUG Configuration:2035 - show_sql=true
2015-08-14 00:30:42 DEBUG Configuration:2035 - format_sql=false
2015-08-14 00:30:42 DEBUG Configuration:2035 - connection.pool_size=1
2015-08-14 00:30:42 DEBUG Configuration:2035 - cache.provider_class=org.hibernate.cache.NoCacheProvider
2015-08-14 00:30:42 DEBUG Configuration:2035 - hibernate.current_session_context_class=thread
2015-08-14 00:30:42 INFO  Configuration:2214 - HHH000041: Configured SessionFactory: null
2015-08-14 00:30:42 DEBUG Configuration:2215 - Properties: {java.vendor=Oracle Corporation, show_sql=true, localRepository=/Users/saifasif/.m2/repository, sun.java.launcher=SUN_STANDARD, hibernate.connection.url=jdbc:hsqldb:file:tmp/dbOne;sql.syntax_mys=true, sun.management.compiler=HotSpot 64-Bit Tiered Compilers, os.name=Mac OS X, sun.boot.class.path=/Library/Java/JavaVirtualMachines/jdk1.8.0_25.jdk/Contents/Home/jre/lib/resources.jar:/Library/Java/JavaVirtualMachines/jdk1.8.0_25.jdk/Contents/Home/jre/lib/rt.jar:/Library/Java/JavaVirtualMachines/jdk1.8.0_25.jdk/Contents/Home/jre/lib/sunrsasign.jar:/Library/Java/JavaVirtualMachines/jdk1.8.0_25.jdk/Contents/Home/jre/lib/jsse.jar:/Library/Java/JavaVirtualMachines/jdk1.8.0_25.jdk/Contents/Home/jre/lib/jce.jar:/Library/Java/JavaVirtualMachines/jdk1.8.0_25.jdk/Contents/Home/jre/lib/charsets.jar:/Library/Java/JavaVirtualMachines/jdk1.8.0_25.jdk/Contents/Home/jre/lib/jfr.jar:/Library/Java/JavaVirtualMachines/jdk1.8.0_25.jdk/Contents/Home/jre/classes, hibernate.current_session_context_class=thread, java.vm.specification.vendor=Oracle Corporation, java.runtime.version=1.8.0_25-b17, hibernate.cache.provider_class=org.hibernate.cache.NoCacheProvider, user.name=saifasif, connection.driver_class=org.hsqldb.jdbcDriver, user.language=en, sun.boot.library.path=/Library/Java/JavaVirtualMachines/jdk1.8.0_25.jdk/Contents/Home/jre/lib, java.version=1.8.0_25, user.timezone=Europe/London, sun.arch.data.model=64, http.nonProxyHosts=local|*.local|169.254/16|*.169.254/16, java.endorsed.dirs=/Library/Java/JavaVirtualMachines/jdk1.8.0_25.jdk/Contents/Home/jre/lib/endorsed, sun.cpu.isalist=, sun.jnu.encoding=UTF-8, file.encoding.pkg=sun.io, file.separator=/, java.specification.name=Java Platform API Specification, hibernate.format_sql=false, java.class.version=52.0, user.country=US, java.home=/Library/Java/JavaVirtualMachines/jdk1.8.0_25.jdk/Contents/Home/jre, java.vm.info=mixed mode, os.version=10.10.5, surefire.real.class.path=/Users/saifasif/projects/sample-skeleton-projects/JPA/target/surefire/surefirebooter1074994227465786370.jar, path.separator=:, java.vm.version=25.25-b02, hibernate.connection.password=, java.awt.printerjob=sun.lwawt.macosx.CPrinterJob, sun.io.unicode.encoding=UnicodeBig, awt.toolkit=sun.lwawt.macosx.LWCToolkit, hibernate.connection.username=sa, socksNonProxyHosts=local|*.local|169.254/16|*.169.254/16, ftp.nonProxyHosts=local|*.local|169.254/16|*.169.254/16, user.home=/Users/saifasif, java.specification.vendor=Oracle Corporation, hibernate.hbm2ddl.auto=create-drop, java.library.path=/Users/saifasif/Library/Java/Extensions:/Library/Java/Extensions:/Network/Library/Java/Extensions:/System/Library/Java/Extensions:/usr/lib/java:., java.vendor.url=http://java.oracle.com/, hibernate.connection.driver_class=org.hsqldb.jdbcDriver, java.vm.vendor=Oracle Corporation, gopherProxySet=false, hibernate.dialect=org.hibernate.dialect.HSQLDialect, java.runtime.name=Java(TM) SE Runtime Environment, sun.java.command=/Users/saifasif/projects/sample-skeleton-projects/JPA/target/surefire/surefirebooter1074994227465786370.jar /Users/saifasif/projects/sample-skeleton-projects/JPA/target/surefire/surefire3994732486596058170tmp /Users/saifasif/projects/sample-skeleton-projects/JPA/target/surefire/surefire_04529895073134109566tmp, java.class.path=/Users/saifasif/projects/sample-skeleton-projects/JPA/target/test-classes:/Users/saifasif/projects/sample-skeleton-projects/JPA/target/classes:/Users/saifasif/.m2/repository/mysql/mysql-connector-java/5.1.9/mysql-connector-java-5.1.9.jar:/Users/saifasif/.m2/repository/org/hibernate/hibernate-c3p0/4.3.5.Final/hibernate-c3p0-4.3.5.Final.jar:/Users/saifasif/.m2/repository/org/jboss/logging/jboss-logging/3.1.3.GA/jboss-logging-3.1.3.GA.jar:/Users/saifasif/.m2/repository/org/jboss/logging/jboss-logging-annotations/1.2.0.Beta1/jboss-logging-annotations-1.2.0.Beta1.jar:/Users/saifasif/.m2/repository/org/hibernate/hibernate-core/4.3.5.Final/hibernate-core-4.3.5.Final.jar:/Users/saifasif/.m2/repository/org/jboss/spec/javax/transaction/jboss-transaction-api_1.2_spec/1.0.0.Final/jboss-transaction-api_1.2_spec-1.0.0.Final.jar:/Users/saifasif/.m2/repository/org/hibernate/common/hibernate-commons-annotations/4.0.4.Final/hibernate-commons-annotations-4.0.4.Final.jar:/Users/saifasif/.m2/repository/org/hibernate/javax/persistence/hibernate-jpa-2.1-api/1.0.0.Final/hibernate-jpa-2.1-api-1.0.0.Final.jar:/Users/saifasif/.m2/repository/org/javassist/javassist/3.18.1-GA/javassist-3.18.1-GA.jar:/Users/saifasif/.m2/repository/antlr/antlr/2.7.7/antlr-2.7.7.jar:/Users/saifasif/.m2/repository/org/jboss/jandex/1.1.0.Final/jandex-1.1.0.Final.jar:/Users/saifasif/.m2/repository/com/mchange/c3p0/0.9.2.1/c3p0-0.9.2.1.jar:/Users/saifasif/.m2/repository/com/mchange/mchange-commons-java/0.2.3.4/mchange-commons-java-0.2.3.4.jar:/Users/saifasif/.m2/repository/dom4j/dom4j/1.6.1/dom4j-1.6.1.jar:/Users/saifasif/.m2/repository/xml-apis/xml-apis/1.0.b2/xml-apis-1.0.b2.jar:/Users/saifasif/.m2/repository/commons-logging/commons-logging/1.1.1/commons-logging-1.1.1.jar:/Users/saifasif/.m2/repository/commons-collections/commons-collections/3.2.1/commons-collections-3.2.1.jar:/Users/saifasif/.m2/repository/cglib/cglib/2.2/cglib-2.2.jar:/Users/saifasif/.m2/repository/asm/asm/3.1/asm-3.1.jar:/Users/saifasif/.m2/repository/org/hsqldb/hsqldb/2.2.8/hsqldb-2.2.8.jar:/Users/saifasif/.m2/repository/junit/junit/4.12/junit-4.12.jar:/Users/saifasif/.m2/repository/org/hamcrest/hamcrest-core/1.3/hamcrest-core-1.3.jar:/Users/saifasif/.m2/repository/log4j/log4j/1.2.17/log4j-1.2.17.jar:, hibernate.bytecode.use_reflection_optimizer=false, java.vm.specification.name=Java Virtual Machine Specification, java.vm.specification.version=1.8, sun.cpu.endian=little, sun.os.patch.level=unknown, surefire.test.class.path=/Users/saifasif/projects/sample-skeleton-projects/JPA/target/test-classes:/Users/saifasif/projects/sample-skeleton-projects/JPA/target/classes:/Users/saifasif/.m2/repository/mysql/mysql-connector-java/5.1.9/mysql-connector-java-5.1.9.jar:/Users/saifasif/.m2/repository/org/hibernate/hibernate-c3p0/4.3.5.Final/hibernate-c3p0-4.3.5.Final.jar:/Users/saifasif/.m2/repository/org/jboss/logging/jboss-logging/3.1.3.GA/jboss-logging-3.1.3.GA.jar:/Users/saifasif/.m2/repository/org/jboss/logging/jboss-logging-annotations/1.2.0.Beta1/jboss-logging-annotations-1.2.0.Beta1.jar:/Users/saifasif/.m2/repository/org/hibernate/hibernate-core/4.3.5.Final/hibernate-core-4.3.5.Final.jar:/Users/saifasif/.m2/repository/org/jboss/spec/javax/transaction/jboss-transaction-api_1.2_spec/1.0.0.Final/jboss-transaction-api_1.2_spec-1.0.0.Final.jar:/Users/saifasif/.m2/repository/org/hibernate/common/hibernate-commons-annotations/4.0.4.Final/hibernate-commons-annotations-4.0.4.Final.jar:/Users/saifasif/.m2/repository/org/hibernate/javax/persistence/hibernate-jpa-2.1-api/1.0.0.Final/hibernate-jpa-2.1-api-1.0.0.Final.jar:/Users/saifasif/.m2/repository/org/javassist/javassist/3.18.1-GA/javassist-3.18.1-GA.jar:/Users/saifasif/.m2/repository/antlr/antlr/2.7.7/antlr-2.7.7.jar:/Users/saifasif/.m2/repository/org/jboss/jandex/1.1.0.Final/jandex-1.1.0.Final.jar:/Users/saifasif/.m2/repository/com/mchange/c3p0/0.9.2.1/c3p0-0.9.2.1.jar:/Users/saifasif/.m2/repository/com/mchange/mchange-commons-java/0.2.3.4/mchange-commons-java-0.2.3.4.jar:/Users/saifasif/.m2/repository/dom4j/dom4j/1.6.1/dom4j-1.6.1.jar:/Users/saifasif/.m2/repository/xml-apis/xml-apis/1.0.b2/xml-apis-1.0.b2.jar:/Users/saifasif/.m2/repository/commons-logging/commons-logging/1.1.1/commons-logging-1.1.1.jar:/Users/saifasif/.m2/repository/commons-collections/commons-collections/3.2.1/commons-collections-3.2.1.jar:/Users/saifasif/.m2/repository/cglib/cglib/2.2/cglib-2.2.jar:/Users/saifasif/.m2/repository/asm/asm/3.1/asm-3.1.jar:/Users/saifasif/.m2/repository/org/hsqldb/hsqldb/2.2.8/hsqldb-2.2.8.jar:/Users/saifasif/.m2/repository/junit/junit/4.12/junit-4.12.jar:/Users/saifasif/.m2/repository/org/hamcrest/hamcrest-core/1.3/hamcrest-core-1.3.jar:/Users/saifasif/.m2/repository/log4j/log4j/1.2.17/log4j-1.2.17.jar:, connection.pool_size=1, java.io.tmpdir=/var/folders/12/70m9pt7n4_15tgtb_z6xbdhc0000gn/T/, java.vendor.url.bug=http://bugreport.sun.com/bugreport/, os.arch=x86_64, java.awt.graphicsenv=sun.awt.CGraphicsEnvironment, java.ext.dirs=/Users/saifasif/Library/Java/Extensions:/Library/Java/JavaVirtualMachines/jdk1.8.0_25.jdk/Contents/Home/jre/lib/ext:/Library/Java/Extensions:/Network/Library/Java/Extensions:/System/Library/Java/Extensions:/usr/lib/java, user.dir=/Users/saifasif/projects/sample-skeleton-projects/JPA, line.separator=
, java.vm.name=Java HotSpot(TM) 64-Bit Server VM, basedir=/Users/saifasif/projects/sample-skeleton-projects/JPA, cache.provider_class=org.hibernate.cache.NoCacheProvider, file.encoding=UTF-8, format_sql=false, java.specification.version=1.8, hibernate.connection.pool_size=1, hibernate.show_sql=true}
2015-08-14 00:30:42 DEBUG IntegratorServiceImpl:63 - Adding Integrator [org.hibernate.cfg.beanvalidation.BeanValidationIntegrator].
2015-08-14 00:30:42 DEBUG IntegratorServiceImpl:63 - Adding Integrator [org.hibernate.secure.spi.JaccIntegrator].
2015-08-14 00:30:42 DEBUG IntegratorServiceImpl:63 - Adding Integrator [org.hibernate.cache.internal.CollectionCacheInvalidator].
2015-08-14 00:30:42 DEBUG StrategySelectorImpl:79 - Registering named strategy selector [org.hibernate.dialect.Dialect] : [MySQL5] -> [org.hibernate.dialect.MySQL5Dialect] (replacing [org.hibernate.dialect.MySQL5Dialect])
2015-08-14 00:30:42 DEBUG StrategySelectorImpl:79 - Registering named strategy selector [org.hibernate.dialect.Dialect] : [MySQL5InnoDB] -> [org.hibernate.dialect.MySQL5InnoDBDialect] (replacing [org.hibernate.dialect.MySQL5InnoDBDialect])
2015-08-14 00:30:42 DEBUG ServiceBinding:85 - Overriding existing service binding [org.hibernate.secure.spi.JaccService]
2015-08-14 00:30:42 INFO  HibernateUtil:30 - Adding annotated class : com.jpa.model.Human
2015-08-14 00:30:42 DEBUG Configuration:1841 - Preparing to build session factory with filters : {}
2015-08-14 00:30:42 WARN  DriverManagerConnectionProviderImpl:93 - HHH000402: Using Hibernate built-in connection pool (not for production use!)
2015-08-14 00:30:42 INFO  DriverManagerConnectionProviderImpl:166 - HHH000401: using driver [org.hsqldb.jdbcDriver] at URL [jdbc:hsqldb:file:tmp/dbOne;sql.syntax_mys=true]
2015-08-14 00:30:42 INFO  DriverManagerConnectionProviderImpl:172 - HHH000046: Connection properties: {user=sa, password=}
2015-08-14 00:30:42 INFO  DriverManagerConnectionProviderImpl:180 - HHH000006: Autocommit mode: false
2015-08-14 00:30:42 INFO  DriverManagerConnectionProviderImpl:102 - HHH000115: Hibernate connection pool size: 1 (min=1)
2015-08-14 00:30:42 DEBUG DriverManagerConnectionProviderImpl:104 - Initializing Connection pool with 1 Connections
2015-08-14 00:30:42 INFO  ENGINE:? - checkpointClose start
2015-08-14 00:30:42 INFO  ENGINE:? - checkpointClose end
2015-08-14 00:30:42 DEBUG JdbcServicesImpl:128 - Database ->
       name : HSQL Database Engine
    version : 2.2.8
      major : 2
      minor : 2
2015-08-14 00:30:42 DEBUG JdbcServicesImpl:139 - Driver ->
       name : HSQL Database Engine Driver
    version : 2.2.8
      major : 2
      minor : 2
2015-08-14 00:30:42 DEBUG JdbcServicesImpl:150 - JDBC version : 4.0
2015-08-14 00:30:42 DEBUG StandardRefCursorSupport:187 - Unexpected error trying to gauge level of JDBC REF_CURSOR support : null
2015-08-14 00:30:42 INFO  Dialect:145 - HHH000400: Using dialect: org.hibernate.dialect.HSQLDialect
2015-08-14 00:30:42 DEBUG Configuration:3748 - Processing hbm.xml files
2015-08-14 00:30:42 DEBUG Configuration:3778 - Process annotated classes
2015-08-14 00:30:42 DEBUG AnnotationBinder:601 - Binding entity from annotated class: com.jpa.model.Human
2015-08-14 00:30:42 DEBUG Ejb3Column:239 - Binding column: Ejb3DiscriminatorColumn{logicalColumnName'DTYPE', discriminatorTypeName='string'}
2015-08-14 00:30:42 DEBUG AnnotationBinder:1185 - No value specified for 'javax.persistence.sharedCache.mode'; using UNSPECIFIED
2015-08-14 00:30:42 DEBUG EntityBinder:397 - Import with entity name human
2015-08-14 00:30:42 DEBUG EntityBinder:586 - Bind entity com.jpa.model.Human on table human
2015-08-14 00:30:42 DEBUG Ejb3Column:239 - Binding column: Ejb3Column{table=org.hibernate.mapping.Table(human), mappingColumn=id, insertable=true, updatable=true, unique=false}
2015-08-14 00:30:42 DEBUG PropertyBinder:185 - MetadataSourceProcessor property userID with lazy=false
2015-08-14 00:30:42 DEBUG AbstractPropertyHolder:106 - Attempting to locate auto-apply AttributeConverter for property [com.jpa.model.Human:userID]
2015-08-14 00:30:42 DEBUG SimpleValueBinder:385 - building SimpleValue for userID
2015-08-14 00:30:42 DEBUG PropertyBinder:271 - Building property userID
2015-08-14 00:30:42 DEBUG Ejb3Column:239 - Binding column: Ejb3Column{table=org.hibernate.mapping.Table(human), mappingColumn=age, insertable=true, updatable=true, unique=false}
2015-08-14 00:30:42 DEBUG PropertyBinder:185 - MetadataSourceProcessor property age with lazy=false
2015-08-14 00:30:42 DEBUG AbstractPropertyHolder:106 - Attempting to locate auto-apply AttributeConverter for property [com.jpa.model.Human:age]
2015-08-14 00:30:42 DEBUG SimpleValueBinder:385 - building SimpleValue for age
2015-08-14 00:30:42 DEBUG PropertyBinder:271 - Building property age
2015-08-14 00:30:42 DEBUG Ejb3Column:239 - Binding column: Ejb3Column{table=org.hibernate.mapping.Table(human), mappingColumn=first_name, insertable=true, updatable=true, unique=false}
2015-08-14 00:30:42 DEBUG PropertyBinder:185 - MetadataSourceProcessor property firstName with lazy=false
2015-08-14 00:30:42 DEBUG AbstractPropertyHolder:106 - Attempting to locate auto-apply AttributeConverter for property [com.jpa.model.Human:firstName]
2015-08-14 00:30:42 DEBUG SimpleValueBinder:385 - building SimpleValue for firstName
2015-08-14 00:30:42 DEBUG PropertyBinder:271 - Building property firstName
2015-08-14 00:30:42 DEBUG Ejb3Column:239 - Binding column: Ejb3Column{table=org.hibernate.mapping.Table(human), mappingColumn=gender, insertable=true, updatable=true, unique=false}
2015-08-14 00:30:42 DEBUG PropertyBinder:185 - MetadataSourceProcessor property gender with lazy=false
2015-08-14 00:30:42 DEBUG AbstractPropertyHolder:106 - Attempting to locate auto-apply AttributeConverter for property [com.jpa.model.Human:gender]
2015-08-14 00:30:42 DEBUG SimpleValueBinder:385 - building SimpleValue for gender
2015-08-14 00:30:42 DEBUG PropertyBinder:271 - Building property gender
2015-08-14 00:30:42 DEBUG Ejb3Column:239 - Binding column: Ejb3Column{table=org.hibernate.mapping.Table(human), mappingColumn=last_name, insertable=true, updatable=true, unique=false}
2015-08-14 00:30:42 DEBUG PropertyBinder:185 - MetadataSourceProcessor property lastName with lazy=false
2015-08-14 00:30:42 DEBUG AbstractPropertyHolder:106 - Attempting to locate auto-apply AttributeConverter for property [com.jpa.model.Human:lastName]
2015-08-14 00:30:42 DEBUG SimpleValueBinder:385 - building SimpleValue for lastName
2015-08-14 00:30:42 DEBUG PropertyBinder:271 - Building property lastName
2015-08-14 00:30:42 DEBUG SimpleValueBinder:422 - Starting fillSimpleValue for userID
2015-08-14 00:30:42 DEBUG SimpleValueBinder:422 - Starting fillSimpleValue for age
2015-08-14 00:30:42 DEBUG SimpleValueBinder:422 - Starting fillSimpleValue for firstName
2015-08-14 00:30:42 DEBUG SimpleValueBinder:422 - Starting fillSimpleValue for gender
2015-08-14 00:30:42 DEBUG SimpleValueBinder:422 - Starting fillSimpleValue for lastName
2015-08-14 00:30:42 DEBUG Configuration:1482 - Processing fk mappings (*ToOne and JoinedSubclass)
2015-08-14 00:30:42 DEBUG Configuration:1687 - Processing extends queue
2015-08-14 00:30:42 DEBUG Configuration:1745 - Processing extends queue
2015-08-14 00:30:42 DEBUG Configuration:1690 - Processing collection mappings
2015-08-14 00:30:42 DEBUG Configuration:1700 - Processing native query and ResultSetMapping mappings
2015-08-14 00:30:42 DEBUG Configuration:1708 - Processing association property references
2015-08-14 00:30:42 DEBUG Configuration:1730 - Creating tables' unique integer identifiers
2015-08-14 00:30:42 DEBUG Configuration:1731 - Processing foreign key constraints
2015-08-14 00:30:42 DEBUG JtaPlatformInitiator:59 - No JtaPlatform was specified, checking resolver
2015-08-14 00:30:42 DEBUG JtaPlatformResolverInitiator:50 - No JtaPlatformResolver was specified, using default [org.hibernate.engine.transaction.jta.platform.internal.StandardJtaPlatformResolver]
2015-08-14 00:30:42 DEBUG StandardJtaPlatformResolver:118 - Could not resolve JtaPlatform, using default [org.hibernate.engine.transaction.jta.platform.internal.NoJtaPlatform]
2015-08-14 00:30:42 DEBUG SettingsFactory:122 - Automatic flush during beforeCompletion(): disabled
2015-08-14 00:30:42 DEBUG SettingsFactory:128 - Automatic session close at end of transaction: disabled
2015-08-14 00:30:42 DEBUG SettingsFactory:139 - JDBC batch size: 15
2015-08-14 00:30:42 DEBUG SettingsFactory:145 - JDBC batch updates for versioned data: disabled
2015-08-14 00:30:42 DEBUG SettingsFactory:155 - Scrollable result sets: enabled
2015-08-14 00:30:42 DEBUG SettingsFactory:161 - Wrap result sets: disabled
2015-08-14 00:30:42 DEBUG SettingsFactory:167 - JDBC3 getGeneratedKeys(): enabled
2015-08-14 00:30:42 DEBUG SettingsFactory:179 - multi-tenancy strategy : NONE
2015-08-14 00:30:42 DEBUG SettingsFactory:185 - Connection release mode: auto
2015-08-14 00:30:42 INFO  TransactionFactoryInitiator:62 - HHH000399: Using default transaction strategy (direct JDBC transactions)
2015-08-14 00:30:42 DEBUG SettingsFactory:207 - Using BatchFetchStyle : LEGACY
2015-08-14 00:30:42 DEBUG SettingsFactory:232 - Default batch fetch size: 1
2015-08-14 00:30:42 DEBUG SettingsFactory:238 - Generate SQL with comments: disabled
2015-08-14 00:30:42 DEBUG SettingsFactory:244 - Order SQL updates by primary key: disabled
2015-08-14 00:30:42 DEBUG SettingsFactory:250 - Order SQL inserts for batching: disabled
2015-08-14 00:30:42 DEBUG SettingsFactory:258 - Default null ordering: none
2015-08-14 00:30:42 DEBUG SettingsFactory:501 - Query translator: org.hibernate.hql.internal.ast.ASTQueryTranslatorFactory
2015-08-14 00:30:42 INFO  ASTQueryTranslatorFactory:47 - HHH000397: Using ASTQueryTranslatorFactory
2015-08-14 00:30:42 DEBUG SettingsFactory:268 - Query language substitutions: {}
2015-08-14 00:30:42 DEBUG SettingsFactory:274 - JPA-QL strict compliance: disabled
2015-08-14 00:30:42 DEBUG SettingsFactory:282 - Second-level cache: enabled
2015-08-14 00:30:42 DEBUG SettingsFactory:288 - Query cache: disabled
2015-08-14 00:30:42 DEBUG RegionFactoryInitiator:105 - Cache region factory : org.hibernate.cache.internal.NoCachingRegionFactory
2015-08-14 00:30:42 DEBUG SettingsFactory:301 - Optimize cache for minimal puts: disabled
2015-08-14 00:30:42 DEBUG SettingsFactory:316 - Structured second-level cache entries: disabled
2015-08-14 00:30:42 DEBUG SettingsFactory:326 - Second-level cache direct-reference entries: disabled
2015-08-14 00:30:42 DEBUG SettingsFactory:332 - Automatic eviction of collection cache: disabled
2015-08-14 00:30:42 DEBUG SettingsFactory:340 - Statistics: disabled
2015-08-14 00:30:42 DEBUG SettingsFactory:346 - Deleted entity synthetic identifier rollback: disabled
2015-08-14 00:30:42 DEBUG SettingsFactory:373 - Default entity-mode: pojo
2015-08-14 00:30:42 DEBUG SettingsFactory:379 - Named query checking : enabled
2015-08-14 00:30:42 DEBUG SettingsFactory:385 - Check Nullability in Core (should be disabled when Bean Validation is on): enabled
2015-08-14 00:30:42 DEBUG SettingsFactory:403 - Allow initialization of lazy state outside session : : disabled
2015-08-14 00:30:42 DEBUG SettingsFactory:413 - JTA Track by Thread: enabled
2015-08-14 00:30:42 DEBUG SessionFactoryImpl:229 - Building session factory
2015-08-14 00:30:42 DEBUG SessionFactoryImpl:285 - Session factory constructed with filter configurations : {}
2015-08-14 00:30:42 DEBUG SessionFactoryImpl:286 - Instantiating session factory with properties: {java.vendor=Oracle Corporation, show_sql=true, localRepository=/Users/saifasif/.m2/repository, sun.java.launcher=SUN_STANDARD, hibernate.connection.url=jdbc:hsqldb:file:tmp/dbOne;sql.syntax_mys=true, sun.management.compiler=HotSpot 64-Bit Tiered Compilers, os.name=Mac OS X, sun.boot.class.path=/Library/Java/JavaVirtualMachines/jdk1.8.0_25.jdk/Contents/Home/jre/lib/resources.jar:/Library/Java/JavaVirtualMachines/jdk1.8.0_25.jdk/Contents/Home/jre/lib/rt.jar:/Library/Java/JavaVirtualMachines/jdk1.8.0_25.jdk/Contents/Home/jre/lib/sunrsasign.jar:/Library/Java/JavaVirtualMachines/jdk1.8.0_25.jdk/Contents/Home/jre/lib/jsse.jar:/Library/Java/JavaVirtualMachines/jdk1.8.0_25.jdk/Contents/Home/jre/lib/jce.jar:/Library/Java/JavaVirtualMachines/jdk1.8.0_25.jdk/Contents/Home/jre/lib/charsets.jar:/Library/Java/JavaVirtualMachines/jdk1.8.0_25.jdk/Contents/Home/jre/lib/jfr.jar:/Library/Java/JavaVirtualMachines/jdk1.8.0_25.jdk/Contents/Home/jre/classes, hibernate.current_session_context_class=thread, java.vm.specification.vendor=Oracle Corporation, java.runtime.version=1.8.0_25-b17, hibernate.cache.provider_class=org.hibernate.cache.NoCacheProvider, user.name=saifasif, connection.driver_class=org.hsqldb.jdbcDriver, user.language=en, sun.boot.library.path=/Library/Java/JavaVirtualMachines/jdk1.8.0_25.jdk/Contents/Home/jre/lib, java.version=1.8.0_25, user.timezone=Europe/London, sun.arch.data.model=64, http.nonProxyHosts=local|*.local|169.254/16|*.169.254/16, java.endorsed.dirs=/Library/Java/JavaVirtualMachines/jdk1.8.0_25.jdk/Contents/Home/jre/lib/endorsed, sun.cpu.isalist=, sun.jnu.encoding=UTF-8, file.encoding.pkg=sun.io, file.separator=/, java.specification.name=Java Platform API Specification, hibernate.format_sql=false, java.class.version=52.0, user.country=US, java.home=/Library/Java/JavaVirtualMachines/jdk1.8.0_25.jdk/Contents/Home/jre, java.vm.info=mixed mode, os.version=10.10.5, surefire.real.class.path=/Users/saifasif/projects/sample-skeleton-projects/JPA/target/surefire/surefirebooter1074994227465786370.jar, path.separator=:, java.vm.version=25.25-b02, hibernate.connection.password=, java.awt.printerjob=sun.lwawt.macosx.CPrinterJob, sun.io.unicode.encoding=UnicodeBig, awt.toolkit=sun.lwawt.macosx.LWCToolkit, hibernate.connection.username=sa, socksNonProxyHosts=local|*.local|169.254/16|*.169.254/16, ftp.nonProxyHosts=local|*.local|169.254/16|*.169.254/16, user.home=/Users/saifasif, java.specification.vendor=Oracle Corporation, hibernate.hbm2ddl.auto=create-drop, java.library.path=/Users/saifasif/Library/Java/Extensions:/Library/Java/Extensions:/Network/Library/Java/Extensions:/System/Library/Java/Extensions:/usr/lib/java:., java.vendor.url=http://java.oracle.com/, hibernate.connection.driver_class=org.hsqldb.jdbcDriver, java.vm.vendor=Oracle Corporation, gopherProxySet=false, hibernate.dialect=org.hibernate.dialect.HSQLDialect, java.runtime.name=Java(TM) SE Runtime Environment, sun.java.command=/Users/saifasif/projects/sample-skeleton-projects/JPA/target/surefire/surefirebooter1074994227465786370.jar /Users/saifasif/projects/sample-skeleton-projects/JPA/target/surefire/surefire3994732486596058170tmp /Users/saifasif/projects/sample-skeleton-projects/JPA/target/surefire/surefire_04529895073134109566tmp, java.class.path=/Users/saifasif/projects/sample-skeleton-projects/JPA/target/test-classes:/Users/saifasif/projects/sample-skeleton-projects/JPA/target/classes:/Users/saifasif/.m2/repository/mysql/mysql-connector-java/5.1.9/mysql-connector-java-5.1.9.jar:/Users/saifasif/.m2/repository/org/hibernate/hibernate-c3p0/4.3.5.Final/hibernate-c3p0-4.3.5.Final.jar:/Users/saifasif/.m2/repository/org/jboss/logging/jboss-logging/3.1.3.GA/jboss-logging-3.1.3.GA.jar:/Users/saifasif/.m2/repository/org/jboss/logging/jboss-logging-annotations/1.2.0.Beta1/jboss-logging-annotations-1.2.0.Beta1.jar:/Users/saifasif/.m2/repository/org/hibernate/hibernate-core/4.3.5.Final/hibernate-core-4.3.5.Final.jar:/Users/saifasif/.m2/repository/org/jboss/spec/javax/transaction/jboss-transaction-api_1.2_spec/1.0.0.Final/jboss-transaction-api_1.2_spec-1.0.0.Final.jar:/Users/saifasif/.m2/repository/org/hibernate/common/hibernate-commons-annotations/4.0.4.Final/hibernate-commons-annotations-4.0.4.Final.jar:/Users/saifasif/.m2/repository/org/hibernate/javax/persistence/hibernate-jpa-2.1-api/1.0.0.Final/hibernate-jpa-2.1-api-1.0.0.Final.jar:/Users/saifasif/.m2/repository/org/javassist/javassist/3.18.1-GA/javassist-3.18.1-GA.jar:/Users/saifasif/.m2/repository/antlr/antlr/2.7.7/antlr-2.7.7.jar:/Users/saifasif/.m2/repository/org/jboss/jandex/1.1.0.Final/jandex-1.1.0.Final.jar:/Users/saifasif/.m2/repository/com/mchange/c3p0/0.9.2.1/c3p0-0.9.2.1.jar:/Users/saifasif/.m2/repository/com/mchange/mchange-commons-java/0.2.3.4/mchange-commons-java-0.2.3.4.jar:/Users/saifasif/.m2/repository/dom4j/dom4j/1.6.1/dom4j-1.6.1.jar:/Users/saifasif/.m2/repository/xml-apis/xml-apis/1.0.b2/xml-apis-1.0.b2.jar:/Users/saifasif/.m2/repository/commons-logging/commons-logging/1.1.1/commons-logging-1.1.1.jar:/Users/saifasif/.m2/repository/commons-collections/commons-collections/3.2.1/commons-collections-3.2.1.jar:/Users/saifasif/.m2/repository/cglib/cglib/2.2/cglib-2.2.jar:/Users/saifasif/.m2/repository/asm/asm/3.1/asm-3.1.jar:/Users/saifasif/.m2/repository/org/hsqldb/hsqldb/2.2.8/hsqldb-2.2.8.jar:/Users/saifasif/.m2/repository/junit/junit/4.12/junit-4.12.jar:/Users/saifasif/.m2/repository/org/hamcrest/hamcrest-core/1.3/hamcrest-core-1.3.jar:/Users/saifasif/.m2/repository/log4j/log4j/1.2.17/log4j-1.2.17.jar:, hibernate.bytecode.use_reflection_optimizer=false, java.vm.specification.name=Java Virtual Machine Specification, java.vm.specification.version=1.8, sun.cpu.endian=little, sun.os.patch.level=unknown, surefire.test.class.path=/Users/saifasif/projects/sample-skeleton-projects/JPA/target/test-classes:/Users/saifasif/projects/sample-skeleton-projects/JPA/target/classes:/Users/saifasif/.m2/repository/mysql/mysql-connector-java/5.1.9/mysql-connector-java-5.1.9.jar:/Users/saifasif/.m2/repository/org/hibernate/hibernate-c3p0/4.3.5.Final/hibernate-c3p0-4.3.5.Final.jar:/Users/saifasif/.m2/repository/org/jboss/logging/jboss-logging/3.1.3.GA/jboss-logging-3.1.3.GA.jar:/Users/saifasif/.m2/repository/org/jboss/logging/jboss-logging-annotations/1.2.0.Beta1/jboss-logging-annotations-1.2.0.Beta1.jar:/Users/saifasif/.m2/repository/org/hibernate/hibernate-core/4.3.5.Final/hibernate-core-4.3.5.Final.jar:/Users/saifasif/.m2/repository/org/jboss/spec/javax/transaction/jboss-transaction-api_1.2_spec/1.0.0.Final/jboss-transaction-api_1.2_spec-1.0.0.Final.jar:/Users/saifasif/.m2/repository/org/hibernate/common/hibernate-commons-annotations/4.0.4.Final/hibernate-commons-annotations-4.0.4.Final.jar:/Users/saifasif/.m2/repository/org/hibernate/javax/persistence/hibernate-jpa-2.1-api/1.0.0.Final/hibernate-jpa-2.1-api-1.0.0.Final.jar:/Users/saifasif/.m2/repository/org/javassist/javassist/3.18.1-GA/javassist-3.18.1-GA.jar:/Users/saifasif/.m2/repository/antlr/antlr/2.7.7/antlr-2.7.7.jar:/Users/saifasif/.m2/repository/org/jboss/jandex/1.1.0.Final/jandex-1.1.0.Final.jar:/Users/saifasif/.m2/repository/com/mchange/c3p0/0.9.2.1/c3p0-0.9.2.1.jar:/Users/saifasif/.m2/repository/com/mchange/mchange-commons-java/0.2.3.4/mchange-commons-java-0.2.3.4.jar:/Users/saifasif/.m2/repository/dom4j/dom4j/1.6.1/dom4j-1.6.1.jar:/Users/saifasif/.m2/repository/xml-apis/xml-apis/1.0.b2/xml-apis-1.0.b2.jar:/Users/saifasif/.m2/repository/commons-logging/commons-logging/1.1.1/commons-logging-1.1.1.jar:/Users/saifasif/.m2/repository/commons-collections/commons-collections/3.2.1/commons-collections-3.2.1.jar:/Users/saifasif/.m2/repository/cglib/cglib/2.2/cglib-2.2.jar:/Users/saifasif/.m2/repository/asm/asm/3.1/asm-3.1.jar:/Users/saifasif/.m2/repository/org/hsqldb/hsqldb/2.2.8/hsqldb-2.2.8.jar:/Users/saifasif/.m2/repository/junit/junit/4.12/junit-4.12.jar:/Users/saifasif/.m2/repository/org/hamcrest/hamcrest-core/1.3/hamcrest-core-1.3.jar:/Users/saifasif/.m2/repository/log4j/log4j/1.2.17/log4j-1.2.17.jar:, connection.pool_size=1, java.io.tmpdir=/var/folders/12/70m9pt7n4_15tgtb_z6xbdhc0000gn/T/, java.vendor.url.bug=http://bugreport.sun.com/bugreport/, os.arch=x86_64, java.awt.graphicsenv=sun.awt.CGraphicsEnvironment, java.ext.dirs=/Users/saifasif/Library/Java/Extensions:/Library/Java/JavaVirtualMachines/jdk1.8.0_25.jdk/Contents/Home/jre/lib/ext:/Library/Java/Extensions:/Network/Library/Java/Extensions:/System/Library/Java/Extensions:/usr/lib/java, user.dir=/Users/saifasif/projects/sample-skeleton-projects/JPA, line.separator=
, java.vm.name=Java HotSpot(TM) 64-Bit Server VM, basedir=/Users/saifasif/projects/sample-skeleton-projects/JPA, cache.provider_class=org.hibernate.cache.NoCacheProvider, file.encoding=UTF-8, format_sql=false, java.specification.version=1.8, hibernate.show_sql=true, hibernate.connection.pool_size=1}
2015-08-14 00:30:42 DEBUG JaccIntegrator:90 - Skipping JACC integration as it was not enabled
2015-08-14 00:30:42 DEBUG DefaultIdentifierGeneratorFactory:107 - Setting dialect [org.hibernate.dialect.HSQLDialect]
2015-08-14 00:30:42 DEBUG AbstractEntityPersister:3676 - Static SQL for entity: com.jpa.model.Human
2015-08-14 00:30:42 DEBUG AbstractEntityPersister:3681 -  Version select: select id from human where id =?
2015-08-14 00:30:42 DEBUG AbstractEntityPersister:3684 -  Snapshot select: select human_.id, human_.age as age2_0_, human_.first_name as first_na3_0_, human_.gender as gender4_0_, human_.last_name as last_nam5_0_ from human human_ where human_.id=?
2015-08-14 00:30:42 DEBUG AbstractEntityPersister:3687 -  Insert 0: insert into human (age, first_name, gender, last_name, id) values (?, ?, ?, ?, ?)
2015-08-14 00:30:42 DEBUG AbstractEntityPersister:3688 -  Update 0: update human set age=?, first_name=?, gender=?, last_name=? where id=?
2015-08-14 00:30:42 DEBUG AbstractEntityPersister:3689 -  Delete 0: delete from human where id=?
2015-08-14 00:30:42 DEBUG QuerySpacesImpl:177 - Adding QuerySpace : uid = <gen:0> -> org.hibernate.loader.plan.build.internal.spaces.EntityQuerySpaceImpl@5965be2d]
2015-08-14 00:30:42 DEBUG MetamodelGraphWalker:154 - Visiting attribute path : age
2015-08-14 00:30:42 DEBUG MetamodelGraphWalker:154 - Visiting attribute path : firstName
2015-08-14 00:30:42 DEBUG MetamodelGraphWalker:154 - Visiting attribute path : gender
2015-08-14 00:30:42 DEBUG MetamodelGraphWalker:154 - Visiting attribute path : lastName
2015-08-14 00:30:42 DEBUG FetchStyleLoadPlanBuildingAssociationVisitationStrategy:94 - Building LoadPlan...
2015-08-14 00:30:42 DEBUG LoadQueryJoinAndFetchProcessor:111 - processing queryspace <gen:0>
2015-08-14 00:30:42 DEBUG LoadPlanTreePrinter:72 - LoadPlan(entity=com.jpa.model.Human)
    - Returns
       - EntityReturnImpl(entity=com.jpa.model.Human, querySpaceUid=<gen:0>, path=com.jpa.model.Human)
    - QuerySpaces
       - EntityQuerySpaceImpl(uid=<gen:0>, entity=com.jpa.model.Human)
          - SQL table alias mapping - human0_
          - alias suffix - 0_
          - suffixed key columns - {id1_0_0_}

2015-08-14 00:30:42 DEBUG EntityLoader:146 - Static select for entity com.jpa.model.Human [NONE]: select human0_.id as id1_0_0_, human0_.age as age2_0_0_, human0_.first_name as first_na3_0_0_, human0_.gender as gender4_0_0_, human0_.last_name as last_nam5_0_0_ from human human0_ where human0_.id=?
2015-08-14 00:30:42 DEBUG QuerySpacesImpl:177 - Adding QuerySpace : uid = <gen:0> -> org.hibernate.loader.plan.build.internal.spaces.EntityQuerySpaceImpl@50de186c]
2015-08-14 00:30:42 DEBUG MetamodelGraphWalker:154 - Visiting attribute path : age
2015-08-14 00:30:42 DEBUG MetamodelGraphWalker:154 - Visiting attribute path : firstName
2015-08-14 00:30:42 DEBUG MetamodelGraphWalker:154 - Visiting attribute path : gender
2015-08-14 00:30:42 DEBUG MetamodelGraphWalker:154 - Visiting attribute path : lastName
2015-08-14 00:30:42 DEBUG FetchStyleLoadPlanBuildingAssociationVisitationStrategy:94 - Building LoadPlan...
2015-08-14 00:30:42 DEBUG LoadQueryJoinAndFetchProcessor:111 - processing queryspace <gen:0>
2015-08-14 00:30:42 DEBUG LoadPlanTreePrinter:72 - LoadPlan(entity=com.jpa.model.Human)
    - Returns
       - EntityReturnImpl(entity=com.jpa.model.Human, querySpaceUid=<gen:0>, path=com.jpa.model.Human)
    - QuerySpaces
       - EntityQuerySpaceImpl(uid=<gen:0>, entity=com.jpa.model.Human)
          - SQL table alias mapping - human0_
          - alias suffix - 0_
          - suffixed key columns - {id1_0_0_}

2015-08-14 00:30:42 DEBUG EntityLoader:146 - Static select for entity com.jpa.model.Human [READ]: select human0_.id as id1_0_0_, human0_.age as age2_0_0_, human0_.first_name as first_na3_0_0_, human0_.gender as gender4_0_0_, human0_.last_name as last_nam5_0_0_ from human human0_ where human0_.id=?
2015-08-14 00:30:42 DEBUG QuerySpacesImpl:177 - Adding QuerySpace : uid = <gen:0> -> org.hibernate.loader.plan.build.internal.spaces.EntityQuerySpaceImpl@1e8b7643]
2015-08-14 00:30:42 DEBUG MetamodelGraphWalker:154 - Visiting attribute path : age
2015-08-14 00:30:42 DEBUG MetamodelGraphWalker:154 - Visiting attribute path : firstName
2015-08-14 00:30:42 DEBUG MetamodelGraphWalker:154 - Visiting attribute path : gender
2015-08-14 00:30:42 DEBUG MetamodelGraphWalker:154 - Visiting attribute path : lastName
2015-08-14 00:30:42 DEBUG FetchStyleLoadPlanBuildingAssociationVisitationStrategy:94 - Building LoadPlan...
2015-08-14 00:30:42 DEBUG LoadQueryJoinAndFetchProcessor:111 - processing queryspace <gen:0>
2015-08-14 00:30:42 DEBUG LoadPlanTreePrinter:72 - LoadPlan(entity=com.jpa.model.Human)
    - Returns
       - EntityReturnImpl(entity=com.jpa.model.Human, querySpaceUid=<gen:0>, path=com.jpa.model.Human)
    - QuerySpaces
       - EntityQuerySpaceImpl(uid=<gen:0>, entity=com.jpa.model.Human)
          - SQL table alias mapping - human0_
          - alias suffix - 0_
          - suffixed key columns - {id1_0_0_}

2015-08-14 00:30:42 DEBUG EntityLoader:146 - Static select for entity com.jpa.model.Human [UPGRADE]: select human0_.id as id1_0_0_, human0_.age as age2_0_0_, human0_.first_name as first_na3_0_0_, human0_.gender as gender4_0_0_, human0_.last_name as last_nam5_0_0_ from human human0_ where human0_.id=? for update
2015-08-14 00:30:42 DEBUG QuerySpacesImpl:177 - Adding QuerySpace : uid = <gen:0> -> org.hibernate.loader.plan.build.internal.spaces.EntityQuerySpaceImpl@71e9ebae]
2015-08-14 00:30:42 DEBUG MetamodelGraphWalker:154 - Visiting attribute path : age
2015-08-14 00:30:42 DEBUG MetamodelGraphWalker:154 - Visiting attribute path : firstName
2015-08-14 00:30:42 DEBUG MetamodelGraphWalker:154 - Visiting attribute path : gender
2015-08-14 00:30:42 DEBUG MetamodelGraphWalker:154 - Visiting attribute path : lastName
2015-08-14 00:30:42 DEBUG FetchStyleLoadPlanBuildingAssociationVisitationStrategy:94 - Building LoadPlan...
2015-08-14 00:30:42 DEBUG LoadQueryJoinAndFetchProcessor:111 - processing queryspace <gen:0>
2015-08-14 00:30:42 DEBUG LoadPlanTreePrinter:72 - LoadPlan(entity=com.jpa.model.Human)
    - Returns
       - EntityReturnImpl(entity=com.jpa.model.Human, querySpaceUid=<gen:0>, path=com.jpa.model.Human)
    - QuerySpaces
       - EntityQuerySpaceImpl(uid=<gen:0>, entity=com.jpa.model.Human)
          - SQL table alias mapping - human0_
          - alias suffix - 0_
          - suffixed key columns - {id1_0_0_}

2015-08-14 00:30:42 DEBUG EntityLoader:146 - Static select for entity com.jpa.model.Human [UPGRADE_NOWAIT]: select human0_.id as id1_0_0_, human0_.age as age2_0_0_, human0_.first_name as first_na3_0_0_, human0_.gender as gender4_0_0_, human0_.last_name as last_nam5_0_0_ from human human0_ where human0_.id=? for update
2015-08-14 00:30:42 DEBUG QuerySpacesImpl:177 - Adding QuerySpace : uid = <gen:0> -> org.hibernate.loader.plan.build.internal.spaces.EntityQuerySpaceImpl@36a5cabc]
2015-08-14 00:30:42 DEBUG MetamodelGraphWalker:154 - Visiting attribute path : age
2015-08-14 00:30:42 DEBUG MetamodelGraphWalker:154 - Visiting attribute path : firstName
2015-08-14 00:30:42 DEBUG MetamodelGraphWalker:154 - Visiting attribute path : gender
2015-08-14 00:30:42 DEBUG MetamodelGraphWalker:154 - Visiting attribute path : lastName
2015-08-14 00:30:42 DEBUG FetchStyleLoadPlanBuildingAssociationVisitationStrategy:94 - Building LoadPlan...
2015-08-14 00:30:42 DEBUG LoadQueryJoinAndFetchProcessor:111 - processing queryspace <gen:0>
2015-08-14 00:30:42 DEBUG LoadPlanTreePrinter:72 - LoadPlan(entity=com.jpa.model.Human)
    - Returns
       - EntityReturnImpl(entity=com.jpa.model.Human, querySpaceUid=<gen:0>, path=com.jpa.model.Human)
    - QuerySpaces
       - EntityQuerySpaceImpl(uid=<gen:0>, entity=com.jpa.model.Human)
          - SQL table alias mapping - human0_
          - alias suffix - 0_
          - suffixed key columns - {id1_0_0_}

2015-08-14 00:30:42 DEBUG EntityLoader:146 - Static select for entity com.jpa.model.Human [UPGRADE_SKIPLOCKED]: select human0_.id as id1_0_0_, human0_.age as age2_0_0_, human0_.first_name as first_na3_0_0_, human0_.gender as gender4_0_0_, human0_.last_name as last_nam5_0_0_ from human human0_ where human0_.id=? for update
2015-08-14 00:30:42 DEBUG QuerySpacesImpl:177 - Adding QuerySpace : uid = <gen:0> -> org.hibernate.loader.plan.build.internal.spaces.EntityQuerySpaceImpl@7daa0fbd]
2015-08-14 00:30:42 DEBUG MetamodelGraphWalker:154 - Visiting attribute path : age
2015-08-14 00:30:42 DEBUG MetamodelGraphWalker:154 - Visiting attribute path : firstName
2015-08-14 00:30:42 DEBUG MetamodelGraphWalker:154 - Visiting attribute path : gender
2015-08-14 00:30:42 DEBUG MetamodelGraphWalker:154 - Visiting attribute path : lastName
2015-08-14 00:30:42 DEBUG FetchStyleLoadPlanBuildingAssociationVisitationStrategy:94 - Building LoadPlan...
2015-08-14 00:30:42 DEBUG LoadQueryJoinAndFetchProcessor:111 - processing queryspace <gen:0>
2015-08-14 00:30:42 DEBUG LoadPlanTreePrinter:72 - LoadPlan(entity=com.jpa.model.Human)
    - Returns
       - EntityReturnImpl(entity=com.jpa.model.Human, querySpaceUid=<gen:0>, path=com.jpa.model.Human)
    - QuerySpaces
       - EntityQuerySpaceImpl(uid=<gen:0>, entity=com.jpa.model.Human)
          - SQL table alias mapping - human0_
          - alias suffix - 0_
          - suffixed key columns - {id1_0_0_}

2015-08-14 00:30:42 DEBUG EntityLoader:146 - Static select for entity com.jpa.model.Human [FORCE]: select human0_.id as id1_0_0_, human0_.age as age2_0_0_, human0_.first_name as first_na3_0_0_, human0_.gender as gender4_0_0_, human0_.last_name as last_nam5_0_0_ from human human0_ where human0_.id=? for update
2015-08-14 00:30:42 DEBUG QuerySpacesImpl:177 - Adding QuerySpace : uid = <gen:0> -> org.hibernate.loader.plan.build.internal.spaces.EntityQuerySpaceImpl@5a3bc7ed]
2015-08-14 00:30:42 DEBUG MetamodelGraphWalker:154 - Visiting attribute path : age
2015-08-14 00:30:42 DEBUG MetamodelGraphWalker:154 - Visiting attribute path : firstName
2015-08-14 00:30:42 DEBUG MetamodelGraphWalker:154 - Visiting attribute path : gender
2015-08-14 00:30:42 DEBUG MetamodelGraphWalker:154 - Visiting attribute path : lastName
2015-08-14 00:30:42 DEBUG FetchStyleLoadPlanBuildingAssociationVisitationStrategy:94 - Building LoadPlan...
2015-08-14 00:30:42 DEBUG LoadQueryJoinAndFetchProcessor:111 - processing queryspace <gen:0>
2015-08-14 00:30:42 DEBUG LoadPlanTreePrinter:72 - LoadPlan(entity=com.jpa.model.Human)
    - Returns
       - EntityReturnImpl(entity=com.jpa.model.Human, querySpaceUid=<gen:0>, path=com.jpa.model.Human)
    - QuerySpaces
       - EntityQuerySpaceImpl(uid=<gen:0>, entity=com.jpa.model.Human)
          - SQL table alias mapping - human0_
          - alias suffix - 0_
          - suffixed key columns - {id1_0_0_}

2015-08-14 00:30:42 DEBUG EntityLoader:146 - Static select for entity com.jpa.model.Human [PESSIMISTIC_READ]: select human0_.id as id1_0_0_, human0_.age as age2_0_0_, human0_.first_name as first_na3_0_0_, human0_.gender as gender4_0_0_, human0_.last_name as last_nam5_0_0_ from human human0_ where human0_.id=? for update
2015-08-14 00:30:42 DEBUG QuerySpacesImpl:177 - Adding QuerySpace : uid = <gen:0> -> org.hibernate.loader.plan.build.internal.spaces.EntityQuerySpaceImpl@35645047]
2015-08-14 00:30:42 DEBUG MetamodelGraphWalker:154 - Visiting attribute path : age
2015-08-14 00:30:42 DEBUG MetamodelGraphWalker:154 - Visiting attribute path : firstName
2015-08-14 00:30:42 DEBUG MetamodelGraphWalker:154 - Visiting attribute path : gender
2015-08-14 00:30:42 DEBUG MetamodelGraphWalker:154 - Visiting attribute path : lastName
2015-08-14 00:30:42 DEBUG FetchStyleLoadPlanBuildingAssociationVisitationStrategy:94 - Building LoadPlan...
2015-08-14 00:30:42 DEBUG LoadQueryJoinAndFetchProcessor:111 - processing queryspace <gen:0>
2015-08-14 00:30:42 DEBUG LoadPlanTreePrinter:72 - LoadPlan(entity=com.jpa.model.Human)
    - Returns
       - EntityReturnImpl(entity=com.jpa.model.Human, querySpaceUid=<gen:0>, path=com.jpa.model.Human)
    - QuerySpaces
       - EntityQuerySpaceImpl(uid=<gen:0>, entity=com.jpa.model.Human)
          - SQL table alias mapping - human0_
          - alias suffix - 0_
          - suffixed key columns - {id1_0_0_}

2015-08-14 00:30:42 DEBUG EntityLoader:146 - Static select for entity com.jpa.model.Human [PESSIMISTIC_WRITE]: select human0_.id as id1_0_0_, human0_.age as age2_0_0_, human0_.first_name as first_na3_0_0_, human0_.gender as gender4_0_0_, human0_.last_name as last_nam5_0_0_ from human human0_ where human0_.id=? for update
2015-08-14 00:30:42 DEBUG QuerySpacesImpl:177 - Adding QuerySpace : uid = <gen:0> -> org.hibernate.loader.plan.build.internal.spaces.EntityQuerySpaceImpl@6bc407fd]
2015-08-14 00:30:42 DEBUG MetamodelGraphWalker:154 - Visiting attribute path : age
2015-08-14 00:30:42 DEBUG MetamodelGraphWalker:154 - Visiting attribute path : firstName
2015-08-14 00:30:42 DEBUG MetamodelGraphWalker:154 - Visiting attribute path : gender
2015-08-14 00:30:42 DEBUG MetamodelGraphWalker:154 - Visiting attribute path : lastName
2015-08-14 00:30:42 DEBUG FetchStyleLoadPlanBuildingAssociationVisitationStrategy:94 - Building LoadPlan...
2015-08-14 00:30:42 DEBUG LoadQueryJoinAndFetchProcessor:111 - processing queryspace <gen:0>
2015-08-14 00:30:42 DEBUG LoadPlanTreePrinter:72 - LoadPlan(entity=com.jpa.model.Human)
    - Returns
       - EntityReturnImpl(entity=com.jpa.model.Human, querySpaceUid=<gen:0>, path=com.jpa.model.Human)
    - QuerySpaces
       - EntityQuerySpaceImpl(uid=<gen:0>, entity=com.jpa.model.Human)
          - SQL table alias mapping - human0_
          - alias suffix - 0_
          - suffixed key columns - {id1_0_0_}

2015-08-14 00:30:42 DEBUG EntityLoader:146 - Static select for entity com.jpa.model.Human [PESSIMISTIC_FORCE_INCREMENT]: select human0_.id as id1_0_0_, human0_.age as age2_0_0_, human0_.first_name as first_na3_0_0_, human0_.gender as gender4_0_0_, human0_.last_name as last_nam5_0_0_ from human human0_ where human0_.id=? for update
2015-08-14 00:30:42 DEBUG QuerySpacesImpl:177 - Adding QuerySpace : uid = <gen:0> -> org.hibernate.loader.plan.build.internal.spaces.EntityQuerySpaceImpl@17d88132]
2015-08-14 00:30:42 DEBUG MetamodelGraphWalker:154 - Visiting attribute path : age
2015-08-14 00:30:42 DEBUG MetamodelGraphWalker:154 - Visiting attribute path : firstName
2015-08-14 00:30:42 DEBUG MetamodelGraphWalker:154 - Visiting attribute path : gender
2015-08-14 00:30:42 DEBUG MetamodelGraphWalker:154 - Visiting attribute path : lastName
2015-08-14 00:30:42 DEBUG FetchStyleLoadPlanBuildingAssociationVisitationStrategy:94 - Building LoadPlan...
2015-08-14 00:30:42 DEBUG LoadQueryJoinAndFetchProcessor:111 - processing queryspace <gen:0>
2015-08-14 00:30:42 DEBUG LoadPlanTreePrinter:72 - LoadPlan(entity=com.jpa.model.Human)
    - Returns
       - EntityReturnImpl(entity=com.jpa.model.Human, querySpaceUid=<gen:0>, path=com.jpa.model.Human)
    - QuerySpaces
       - EntityQuerySpaceImpl(uid=<gen:0>, entity=com.jpa.model.Human)
          - SQL table alias mapping - human0_
          - alias suffix - 0_
          - suffixed key columns - {id1_0_0_}

2015-08-14 00:30:42 DEBUG EntityLoader:146 - Static select for entity com.jpa.model.Human [OPTIMISTIC]: select human0_.id as id1_0_0_, human0_.age as age2_0_0_, human0_.first_name as first_na3_0_0_, human0_.gender as gender4_0_0_, human0_.last_name as last_nam5_0_0_ from human human0_ where human0_.id=?
2015-08-14 00:30:42 DEBUG QuerySpacesImpl:177 - Adding QuerySpace : uid = <gen:0> -> org.hibernate.loader.plan.build.internal.spaces.EntityQuerySpaceImpl@16eccb2e]
2015-08-14 00:30:42 DEBUG MetamodelGraphWalker:154 - Visiting attribute path : age
2015-08-14 00:30:42 DEBUG MetamodelGraphWalker:154 - Visiting attribute path : firstName
2015-08-14 00:30:42 DEBUG MetamodelGraphWalker:154 - Visiting attribute path : gender
2015-08-14 00:30:42 DEBUG MetamodelGraphWalker:154 - Visiting attribute path : lastName
2015-08-14 00:30:42 DEBUG FetchStyleLoadPlanBuildingAssociationVisitationStrategy:94 - Building LoadPlan...
2015-08-14 00:30:42 DEBUG LoadQueryJoinAndFetchProcessor:111 - processing queryspace <gen:0>
2015-08-14 00:30:42 DEBUG LoadPlanTreePrinter:72 - LoadPlan(entity=com.jpa.model.Human)
    - Returns
       - EntityReturnImpl(entity=com.jpa.model.Human, querySpaceUid=<gen:0>, path=com.jpa.model.Human)
    - QuerySpaces
       - EntityQuerySpaceImpl(uid=<gen:0>, entity=com.jpa.model.Human)
          - SQL table alias mapping - human0_
          - alias suffix - 0_
          - suffixed key columns - {id1_0_0_}

2015-08-14 00:30:42 DEBUG EntityLoader:146 - Static select for entity com.jpa.model.Human [OPTIMISTIC_FORCE_INCREMENT]: select human0_.id as id1_0_0_, human0_.age as age2_0_0_, human0_.first_name as first_na3_0_0_, human0_.gender as gender4_0_0_, human0_.last_name as last_nam5_0_0_ from human human0_ where human0_.id=?
2015-08-14 00:30:42 DEBUG Loader:56 - Static select for action ACTION_MERGE on entity com.jpa.model.Human: select human0_.id as id1_0_0_, human0_.age as age2_0_0_, human0_.first_name as first_na3_0_0_, human0_.gender as gender4_0_0_, human0_.last_name as last_nam5_0_0_ from human human0_ where human0_.id=?
2015-08-14 00:30:42 DEBUG Loader:56 - Static select for action ACTION_REFRESH on entity com.jpa.model.Human: select human0_.id as id1_0_0_, human0_.age as age2_0_0_, human0_.first_name as first_na3_0_0_, human0_.gender as gender4_0_0_, human0_.last_name as last_nam5_0_0_ from human human0_ where human0_.id=?
2015-08-14 00:30:42 DEBUG SessionFactoryRegistry:67 - Initializing SessionFactoryRegistry : org.hibernate.internal.SessionFactoryRegistry@78641d23
2015-08-14 00:30:42 DEBUG SessionFactoryRegistry:89 - Registering SessionFactory: c691da87-e803-410f-962a-ea07745df127 (<unnamed>)
2015-08-14 00:30:42 DEBUG SessionFactoryRegistry:96 - Not binding SessionFactory to JNDI, no JNDI name configured
2015-08-14 00:30:42 DEBUG SessionFactoryImpl:505 - Instantiated session factory
2015-08-14 00:30:42 DEBUG Configuration:3748 - Processing hbm.xml files
2015-08-14 00:30:42 DEBUG Configuration:3778 - Process annotated classes
2015-08-14 00:30:42 DEBUG Configuration:1482 - Processing fk mappings (*ToOne and JoinedSubclass)
2015-08-14 00:30:42 DEBUG Configuration:1687 - Processing extends queue
2015-08-14 00:30:42 DEBUG Configuration:1745 - Processing extends queue
2015-08-14 00:30:42 DEBUG Configuration:1690 - Processing collection mappings
2015-08-14 00:30:42 DEBUG Configuration:1700 - Processing native query and ResultSetMapping mappings
2015-08-14 00:30:42 DEBUG Configuration:1708 - Processing association property references
2015-08-14 00:30:42 DEBUG Configuration:1730 - Creating tables' unique integer identifiers
2015-08-14 00:30:42 DEBUG Configuration:1731 - Processing foreign key constraints
2015-08-14 00:30:42 DEBUG DefaultIdentifierGeneratorFactory:107 - Setting dialect [org.hibernate.dialect.HSQLDialect]
2015-08-14 00:30:42 DEBUG Configuration:3748 - Processing hbm.xml files
2015-08-14 00:30:42 DEBUG Configuration:3778 - Process annotated classes
2015-08-14 00:30:42 DEBUG Configuration:1482 - Processing fk mappings (*ToOne and JoinedSubclass)
2015-08-14 00:30:42 DEBUG Configuration:1687 - Processing extends queue
2015-08-14 00:30:42 DEBUG Configuration:1745 - Processing extends queue
2015-08-14 00:30:42 DEBUG Configuration:1690 - Processing collection mappings
2015-08-14 00:30:42 DEBUG Configuration:1700 - Processing native query and ResultSetMapping mappings
2015-08-14 00:30:42 DEBUG Configuration:1708 - Processing association property references
2015-08-14 00:30:42 DEBUG Configuration:1730 - Creating tables' unique integer identifiers
2015-08-14 00:30:42 DEBUG Configuration:1731 - Processing foreign key constraints
2015-08-14 00:30:42 DEBUG DefaultIdentifierGeneratorFactory:107 - Setting dialect [org.hibernate.dialect.HSQLDialect]
2015-08-14 00:30:42 DEBUG DefaultIdentifierGeneratorFactory:107 - Setting dialect [org.hibernate.dialect.HSQLDialect]
2015-08-14 00:30:42 INFO  SchemaExport:343 - HHH000227: Running hbm2ddl schema export
2015-08-14 00:30:42 DEBUG SchemaExport:353 - Import file not found: /import.sql
2015-08-14 00:30:42 DEBUG SQL:109 - drop table human if exists
2015-08-14 00:30:42 DEBUG SQL:109 - create table human (id bigint not null, age integer, first_name varchar(255), gender varchar(255), last_name varchar(255), primary key (id))
2015-08-14 00:30:42 INFO  SchemaExport:405 - HHH000230: Schema export complete
2015-08-14 00:30:42 DEBUG Configuration:3748 - Processing hbm.xml files
2015-08-14 00:30:42 DEBUG Configuration:3778 - Process annotated classes
2015-08-14 00:30:42 DEBUG Configuration:1482 - Processing fk mappings (*ToOne and JoinedSubclass)
2015-08-14 00:30:42 DEBUG Configuration:1687 - Processing extends queue
2015-08-14 00:30:43 DEBUG Configuration:1745 - Processing extends queue
2015-08-14 00:30:43 DEBUG Configuration:1690 - Processing collection mappings
2015-08-14 00:30:43 DEBUG Configuration:1700 - Processing native query and ResultSetMapping mappings
2015-08-14 00:30:43 DEBUG Configuration:1708 - Processing association property references
2015-08-14 00:30:43 DEBUG Configuration:1730 - Creating tables' unique integer identifiers
2015-08-14 00:30:43 DEBUG Configuration:1731 - Processing foreign key constraints
2015-08-14 00:30:43 DEBUG DefaultIdentifierGeneratorFactory:107 - Setting dialect [org.hibernate.dialect.HSQLDialect]
2015-08-14 00:30:43 DEBUG Configuration:3748 - Processing hbm.xml files
2015-08-14 00:30:43 DEBUG Configuration:3778 - Process annotated classes
2015-08-14 00:30:43 DEBUG Configuration:1482 - Processing fk mappings (*ToOne and JoinedSubclass)
2015-08-14 00:30:43 DEBUG Configuration:1687 - Processing extends queue
2015-08-14 00:30:43 DEBUG Configuration:1745 - Processing extends queue
2015-08-14 00:30:43 DEBUG Configuration:1690 - Processing collection mappings
2015-08-14 00:30:43 DEBUG Configuration:1700 - Processing native query and ResultSetMapping mappings
2015-08-14 00:30:43 DEBUG Configuration:1708 - Processing association property references
2015-08-14 00:30:43 DEBUG Configuration:1730 - Creating tables' unique integer identifiers
2015-08-14 00:30:43 DEBUG Configuration:1731 - Processing foreign key constraints
2015-08-14 00:30:43 DEBUG DefaultIdentifierGeneratorFactory:107 - Setting dialect [org.hibernate.dialect.HSQLDialect]
2015-08-14 00:30:43 DEBUG DefaultIdentifierGeneratorFactory:107 - Setting dialect [org.hibernate.dialect.HSQLDialect]
2015-08-14 00:30:43 DEBUG NamedQueryRepository:155 - Checking 0 named HQL queries
2015-08-14 00:30:43 DEBUG NamedQueryRepository:171 - Checking 0 named SQL queries
2015-08-14 00:30:43 DEBUG StatisticsInitiator:110 - Statistics initialized [enabled=false]
2015-08-14 00:30:43 DEBUG AbstractTransactionImpl:160 - begin
2015-08-14 00:30:43 DEBUG LogicalConnectionImpl:226 - Obtaining JDBC connection
2015-08-14 00:30:43 DEBUG LogicalConnectionImpl:232 - Obtained JDBC connection
2015-08-14 00:30:43 DEBUG JdbcTransaction:69 - initial autocommit status: false
2015-08-14 00:30:43 DEBUG AbstractTransactionImpl:205 - rolling back
2015-08-14 00:30:43 DEBUG JdbcTransaction:164 - rolled JDBC Connection
2015-08-14 00:30:43 DEBUG AbstractTransactionImpl:160 - begin
2015-08-14 00:30:43 DEBUG LogicalConnectionImpl:226 - Obtaining JDBC connection
2015-08-14 00:30:43 DEBUG LogicalConnectionImpl:232 - Obtained JDBC connection
2015-08-14 00:30:43 DEBUG JdbcTransaction:69 - initial autocommit status: false
2015-08-14 00:30:43 DEBUG SQL:109 - select human_.id, human_.age as age2_0_, human_.first_name as first_na3_0_, human_.gender as gender4_0_, human_.last_name as last_nam5_0_ from human human_ where human_.id=?
2015-08-14 00:30:43 DEBUG AbstractSaveEventListener:130 - Generated identifier: 0, using strategy: org.hibernate.id.Assigned
2015-08-14 00:30:43 INFO  DeletionTest:41 - Inserted human into table ..... 
2015-08-14 00:30:43 INFO  DeletionTest:44 - Fetching inserted user record from DB ...... 
2015-08-14 00:30:43 DEBUG AbstractFlushingEventListener:149 - Processing flush-time cascades
2015-08-14 00:30:43 DEBUG AbstractFlushingEventListener:189 - Dirty checking collections
2015-08-14 00:30:43 DEBUG AbstractFlushingEventListener:123 - Flushed: 1 insertions, 0 updates, 0 deletions to 1 objects
2015-08-14 00:30:43 DEBUG AbstractFlushingEventListener:130 - Flushed: 0 (re)creations, 0 updates, 0 removals to 0 collections
2015-08-14 00:30:43 DEBUG EntityPrinter:114 - Listing entities:
2015-08-14 00:30:43 DEBUG EntityPrinter:121 - com.jpa.model.Human{firstName=Frank, lastName=Bob, gender=Male, userID=0, age=42}
2015-08-14 00:30:43 DEBUG ActionQueue:428 - Changes must be flushed to space: human
2015-08-14 00:30:43 DEBUG SQL:109 - insert into human (age, first_name, gender, last_name, id) values (?, ?, ?, ?, ?)
2015-08-14 00:30:43 DEBUG SQL:109 - select this_.id as id1_0_0_, this_.age as age2_0_0_, this_.first_name as first_na3_0_0_, this_.gender as gender4_0_0_, this_.last_name as last_nam5_0_0_ from human this_ where this_.id=?
2015-08-14 00:30:43 DEBUG Loader:951 - Result set row: 0
2015-08-14 00:30:43 DEBUG Loader:1485 - Result row: EntityKey[com.jpa.model.Human#0]
2015-08-14 00:30:43 DEBUG AbstractFlushingEventListener:149 - Processing flush-time cascades
2015-08-14 00:30:43 DEBUG AbstractFlushingEventListener:189 - Dirty checking collections
2015-08-14 00:30:43 DEBUG AbstractFlushingEventListener:123 - Flushed: 0 insertions, 0 updates, 0 deletions to 1 objects
2015-08-14 00:30:43 DEBUG AbstractFlushingEventListener:130 - Flushed: 0 (re)creations, 0 updates, 0 removals to 0 collections
2015-08-14 00:30:43 DEBUG EntityPrinter:114 - Listing entities:
2015-08-14 00:30:43 DEBUG EntityPrinter:121 - com.jpa.model.Human{firstName=Frank, lastName=Bob, gender=Male, userID=0, age=42}
2015-08-14 00:30:43 DEBUG SQL:109 - select this_.id as id1_0_0_, this_.age as age2_0_0_, this_.first_name as first_na3_0_0_, this_.gender as gender4_0_0_, this_.last_name as last_nam5_0_0_ from human this_ where this_.id=?
2015-08-14 00:30:43 DEBUG Loader:951 - Result set row: 0
2015-08-14 00:30:43 DEBUG Loader:1485 - Result row: EntityKey[com.jpa.model.Human#0]
2015-08-14 00:30:43 INFO  DeletionTest:46 - Got user with name Frank
2015-08-14 00:30:43 DEBUG AbstractFlushingEventListener:149 - Processing flush-time cascades
2015-08-14 00:30:43 DEBUG AbstractFlushingEventListener:189 - Dirty checking collections
2015-08-14 00:30:43 DEBUG AbstractFlushingEventListener:123 - Flushed: 0 insertions, 0 updates, 1 deletions to 1 objects
2015-08-14 00:30:43 DEBUG AbstractFlushingEventListener:130 - Flushed: 0 (re)creations, 0 updates, 0 removals to 0 collections
2015-08-14 00:30:43 DEBUG EntityPrinter:114 - Listing entities:
2015-08-14 00:30:43 DEBUG EntityPrinter:121 - com.jpa.model.Human{firstName=Frank, lastName=Bob, gender=Male, userID=0, age=42}
2015-08-14 00:30:43 DEBUG ActionQueue:428 - Changes must be flushed to space: human
2015-08-14 00:30:43 DEBUG SQL:109 - delete from human where id=?
2015-08-14 00:30:43 DEBUG SQL:109 - select this_.id as id1_0_0_, this_.age as age2_0_0_, this_.first_name as first_na3_0_0_, this_.gender as gender4_0_0_, this_.last_name as last_nam5_0_0_ from human this_ where this_.id=?
2015-08-14 00:30:43 INFO  DeletionTest:50 - 
2015-08-14 00:30:43 DEBUG AbstractTransactionImpl:205 - rolling back
2015-08-14 00:30:43 DEBUG JdbcTransaction:164 - rolled JDBC Connection
2015-08-14 00:30:43 DEBUG AbstractTransactionImpl:160 - begin
2015-08-14 00:30:43 DEBUG LogicalConnectionImpl:226 - Obtaining JDBC connection
2015-08-14 00:30:43 DEBUG LogicalConnectionImpl:232 - Obtained JDBC connection
2015-08-14 00:30:43 DEBUG JdbcTransaction:69 - initial autocommit status: false
2015-08-14 00:30:43 DEBUG SQL:109 - select human_.id, human_.age as age2_0_, human_.first_name as first_na3_0_, human_.gender as gender4_0_, human_.last_name as last_nam5_0_ from human human_ where human_.id=?
2015-08-14 00:30:43 DEBUG AbstractSaveEventListener:130 - Generated identifier: 0, using strategy: org.hibernate.id.Assigned
2015-08-14 00:30:43 INFO  InsertionTest:42 - Inserted human into table ..... 
2015-08-14 00:30:43 INFO  InsertionTest:45 - Fetching inserted user record from DB ...... 
2015-08-14 00:30:43 DEBUG AbstractFlushingEventListener:149 - Processing flush-time cascades
2015-08-14 00:30:43 DEBUG AbstractFlushingEventListener:189 - Dirty checking collections
2015-08-14 00:30:43 DEBUG AbstractFlushingEventListener:123 - Flushed: 1 insertions, 0 updates, 0 deletions to 1 objects
2015-08-14 00:30:43 DEBUG AbstractFlushingEventListener:130 - Flushed: 0 (re)creations, 0 updates, 0 removals to 0 collections
2015-08-14 00:30:43 DEBUG EntityPrinter:114 - Listing entities:
2015-08-14 00:30:43 DEBUG EntityPrinter:121 - com.jpa.model.Human{firstName=Frank, lastName=Bob, gender=Male, userID=0, age=42}
2015-08-14 00:30:43 DEBUG ActionQueue:428 - Changes must be flushed to space: human
2015-08-14 00:30:43 DEBUG SQL:109 - insert into human (age, first_name, gender, last_name, id) values (?, ?, ?, ?, ?)
2015-08-14 00:30:43 DEBUG SQL:109 - select this_.id as id1_0_0_, this_.age as age2_0_0_, this_.first_name as first_na3_0_0_, this_.gender as gender4_0_0_, this_.last_name as last_nam5_0_0_ from human this_ where this_.id=?
2015-08-14 00:30:43 DEBUG Loader:951 - Result set row: 0
2015-08-14 00:30:43 DEBUG Loader:1485 - Result row: EntityKey[com.jpa.model.Human#0]
2015-08-14 00:30:43 DEBUG AbstractFlushingEventListener:149 - Processing flush-time cascades
2015-08-14 00:30:43 DEBUG AbstractFlushingEventListener:189 - Dirty checking collections
2015-08-14 00:30:43 DEBUG AbstractFlushingEventListener:123 - Flushed: 0 insertions, 0 updates, 0 deletions to 1 objects
2015-08-14 00:30:43 DEBUG AbstractFlushingEventListener:130 - Flushed: 0 (re)creations, 0 updates, 0 removals to 0 collections
2015-08-14 00:30:43 DEBUG EntityPrinter:114 - Listing entities:
2015-08-14 00:30:43 DEBUG EntityPrinter:121 - com.jpa.model.Human{firstName=Frank, lastName=Bob, gender=Male, userID=0, age=42}
2015-08-14 00:30:43 DEBUG SQL:109 - select this_.id as id1_0_0_, this_.age as age2_0_0_, this_.first_name as first_na3_0_0_, this_.gender as gender4_0_0_, this_.last_name as last_nam5_0_0_ from human this_ where this_.id=?
2015-08-14 00:30:43 DEBUG Loader:951 - Result set row: 0
2015-08-14 00:30:43 DEBUG Loader:1485 - Result row: EntityKey[com.jpa.model.Human#0]
2015-08-14 00:30:43 INFO  InsertionTest:47 - Got user with name Frank
2015-08-14 00:30:43 DEBUG AbstractTransactionImpl:205 - rolling back
2015-08-14 00:30:43 DEBUG JdbcTransaction:164 - rolled JDBC Connection
2015-08-14 00:31:12 INFO  Version:66 - HCANN000001: Hibernate Commons Annotations {4.0.4.Final}
2015-08-14 00:31:12 INFO  Version:54 - HHH000412: Hibernate Core {4.3.5.Final}
2015-08-14 00:31:12 INFO  Environment:239 - HHH000206: hibernate.properties not found
2015-08-14 00:31:12 INFO  Environment:346 - HHH000021: Bytecode provider name : javassist
2015-08-14 00:31:12 INFO  Configuration:2073 - HHH000043: Configuring from resource: hibernate.cfg.xml
2015-08-14 00:31:12 INFO  Configuration:2092 - HHH000040: Configuration resource: hibernate.cfg.xml
2015-08-14 00:31:12 INFO  Configuration:2214 - HHH000041: Configured SessionFactory: null
2015-08-14 00:31:12 INFO  HibernateUtil:30 - Adding annotated class : com.jpa.model.Human
2015-08-14 00:31:12 WARN  DriverManagerConnectionProviderImpl:93 - HHH000402: Using Hibernate built-in connection pool (not for production use!)
2015-08-14 00:31:12 INFO  DriverManagerConnectionProviderImpl:166 - HHH000401: using driver [org.hsqldb.jdbcDriver] at URL [jdbc:hsqldb:file:tmp/dbOne;sql.syntax_mys=true]
2015-08-14 00:31:12 INFO  DriverManagerConnectionProviderImpl:175 - HHH000046: Connection properties: {user=sa, password=****}
2015-08-14 00:31:12 INFO  DriverManagerConnectionProviderImpl:180 - HHH000006: Autocommit mode: false
2015-08-14 00:31:12 INFO  DriverManagerConnectionProviderImpl:102 - HHH000115: Hibernate connection pool size: 1 (min=1)
2015-08-14 00:31:12 INFO  ENGINE:? - checkpointClose start
2015-08-14 00:31:12 INFO  ENGINE:? - checkpointClose end
2015-08-14 00:31:12 INFO  Dialect:145 - HHH000400: Using dialect: org.hibernate.dialect.HSQLDialect
2015-08-14 00:31:13 INFO  TransactionFactoryInitiator:62 - HHH000399: Using default transaction strategy (direct JDBC transactions)
2015-08-14 00:31:13 INFO  ASTQueryTranslatorFactory:47 - HHH000397: Using ASTQueryTranslatorFactory
2015-08-14 00:31:13 INFO  SchemaExport:343 - HHH000227: Running hbm2ddl schema export
2015-08-14 00:31:13 INFO  SchemaExport:405 - HHH000230: Schema export complete
2015-08-14 00:31:13 INFO  DeletionTest:41 - Inserted human into table ..... 
2015-08-14 00:31:13 INFO  DeletionTest:44 - Fetching inserted user record from DB ...... 
2015-08-14 00:31:13 INFO  DeletionTest:46 - Got user with name Frank
2015-08-14 00:31:13 INFO  DeletionTest:50 - 
2015-08-14 00:31:13 INFO  InsertionTest:42 - Inserted human into table ..... 
2015-08-14 00:31:13 INFO  InsertionTest:45 - Fetching inserted user record from DB ...... 
2015-08-14 00:31:13 INFO  InsertionTest:47 - Got user with name Frank
