2015-04-24 00:37:52 INFO  MainRunner:29 - Init post ....
2015-04-26 00:44:28 INFO  MainRunner:31 - [one]
2015-04-26 00:44:39 INFO  MainRunner:20 - Init get .... 
2015-04-26 00:45:51 INFO  MainRunner:17 - INit server ...
2015-04-26 00:45:58 INFO  MainRunner:17 - INit server ...
2015-04-26 00:46:03 INFO  MainRunner:22 - Init get .... 
2015-07-22 21:28:26 INFO  MainRunner:17 - INit server ...
2015-07-22 21:28:56 INFO  MainRunner:22 - Init get .... 
2015-07-22 21:29:13 INFO  MainRunner:33 - []
2015-07-22 21:29:17 INFO  MainRunner:33 - [a]
2015-09-20 12:55:27 INFO  MainRunner:17 - INit server ...
2015-09-20 12:55:40 INFO  MainRunner:22 - Init get .... 
2015-09-20 12:55:48 INFO  MainRunner:33 - []
2015-09-20 12:55:54 INFO  MainRunner:33 - [a]
2015-09-20 12:56:01 INFO  MainRunner:33 - [a]
2015-09-20 12:56:09 INFO  MainRunner:33 - [a]
2015-09-20 12:56:14 INFO  MainRunner:33 - [a, b]
2015-09-20 12:56:22 INFO  MainRunner:22 - Init get .... 
2015-09-20 13:04:37 INFO  MainRunner:19 - INit server ...
2015-09-20 13:04:48 INFO  MainRunner:19 - INit server ...
2015-09-20 13:04:51 INFO  GetRequests:20 - Init get .... 
2015-09-20 13:06:10 INFO  MainRunner:19 - INit server ...
2015-09-20 13:06:31 INFO  MainRunner:19 - INit server ...
2015-09-20 13:10:15 INFO  MainRunner:19 - INit server ...
2015-09-20 13:10:17 INFO  GetRequests:32 - a::[Ljava.lang.String;@21355004
2015-09-20 13:10:17 INFO  GetRequests:32 - b::[Ljava.lang.String;@65f5dfa6
2015-09-20 13:11:24 INFO  MainRunner:19 - INit server ...
2015-09-20 13:11:27 INFO  GetRequests:35 - a::12
2015-09-20 13:11:27 INFO  GetRequests:35 - b::a
2015-09-20 13:11:34 INFO  GetRequests:35 - a::1,2
2015-09-20 13:11:34 INFO  GetRequests:35 - b::a
2015-09-20 13:11:47 INFO  GetRequests:35 - a::1,2
2015-09-20 13:11:47 INFO  GetRequests:35 - a::5
2015-09-20 13:11:47 INFO  GetRequests:35 - b::a
2015-09-20 13:11:57 INFO  GetRequests:35 - a::1,2
2015-09-20 13:11:57 INFO  GetRequests:35 - a::5
2015-09-20 13:11:57 INFO  GetRequests:35 - b::a
