20:25:10.077 [main] INFO  io.ebean.internal.DefaultContainer - DatabasePlatform name:db platform:hsqldb
20:25:10.330 [main] ERROR i.e.s.deploy.BeanDescriptorManager - Error in deployment
java.lang.IllegalStateException: Bean class com.ebean.model.Human is not enhanced?
	at io.ebeaninternal.server.deploy.BeanDescriptorManager.setEntityBeanClass(BeanDescriptorManager.java:1442)
	at io.ebeaninternal.server.deploy.BeanDescriptorManager.createByteCode(BeanDescriptorManager.java:1314)
	at io.ebeaninternal.server.deploy.BeanDescriptorManager.readDeployAssociations(BeanDescriptorManager.java:1236)
	at io.ebeaninternal.server.deploy.BeanDescriptorManager.readEntityDeploymentAssociations(BeanDescriptorManager.java:713)
	at io.ebeaninternal.server.deploy.BeanDescriptorManager.deploy(BeanDescriptorManager.java:327)
	at io.ebeaninternal.server.core.InternalConfiguration.<init>(InternalConfiguration.java:147)
	at io.ebeaninternal.server.core.DefaultContainer.createServer(DefaultContainer.java:140)
	at io.ebeaninternal.server.core.DefaultContainer.createServer(DefaultContainer.java:89)
	at io.ebeaninternal.server.core.DefaultContainer.createServer(DefaultContainer.java:45)
	at io.ebean.EbeanServerFactory.create(EbeanServerFactory.java:54)
	at io.ebean.Ebean$ServerManager.getWithCreate(Ebean.java:203)
	at io.ebean.Ebean$ServerManager.<init>(Ebean.java:161)
	at io.ebean.Ebean$ServerManager.<init>(Ebean.java:126)
	at io.ebean.Ebean.<clinit>(Ebean.java:120)
	at com.test.human.CrudTest.insert_via_server(CrudTest.java:28)
	at sun.reflect.NativeMethodAccessorImpl.invoke0(Native Method)
	at sun.reflect.NativeMethodAccessorImpl.invoke(NativeMethodAccessorImpl.java:62)
	at sun.reflect.DelegatingMethodAccessorImpl.invoke(DelegatingMethodAccessorImpl.java:43)
	at java.lang.reflect.Method.invoke(Method.java:498)
	at org.junit.runners.model.FrameworkMethod$1.runReflectiveCall(FrameworkMethod.java:50)
	at org.junit.internal.runners.model.ReflectiveCallable.run(ReflectiveCallable.java:12)
	at org.junit.runners.model.FrameworkMethod.invokeExplosively(FrameworkMethod.java:47)
	at org.junit.internal.runners.statements.InvokeMethod.evaluate(InvokeMethod.java:17)
	at org.junit.runners.ParentRunner.runLeaf(ParentRunner.java:325)
	at org.junit.runners.BlockJUnit4ClassRunner.runChild(BlockJUnit4ClassRunner.java:78)
	at org.junit.runners.BlockJUnit4ClassRunner.runChild(BlockJUnit4ClassRunner.java:57)
	at org.junit.runners.ParentRunner$3.run(ParentRunner.java:290)
	at org.junit.runners.ParentRunner$1.schedule(ParentRunner.java:71)
	at org.junit.runners.ParentRunner.runChildren(ParentRunner.java:288)
	at org.junit.runners.ParentRunner.access$000(ParentRunner.java:58)
	at org.junit.runners.ParentRunner$2.evaluate(ParentRunner.java:268)
	at org.junit.runners.ParentRunner.run(ParentRunner.java:363)
	at org.junit.runner.JUnitCore.run(JUnitCore.java:137)
	at com.intellij.junit4.JUnit4IdeaTestRunner.startRunnerWithArgs(JUnit4IdeaTestRunner.java:68)
	at com.intellij.rt.execution.junit.IdeaTestRunner$Repeater.startRunnerWithArgs(IdeaTestRunner.java:47)
	at com.intellij.rt.execution.junit.JUnitStarter.prepareStreamsAndStart(JUnitStarter.java:242)
	at com.intellij.rt.execution.junit.JUnitStarter.main(JUnitStarter.java:70)
20:25:10.331 [main] ERROR io.ebean.Ebean - Error trying to create the default EbeanServer
java.lang.IllegalStateException: Bean class com.ebean.model.Human is not enhanced?
	at io.ebeaninternal.server.deploy.BeanDescriptorManager.setEntityBeanClass(BeanDescriptorManager.java:1442)
	at io.ebeaninternal.server.deploy.BeanDescriptorManager.createByteCode(BeanDescriptorManager.java:1314)
	at io.ebeaninternal.server.deploy.BeanDescriptorManager.readDeployAssociations(BeanDescriptorManager.java:1236)
	at io.ebeaninternal.server.deploy.BeanDescriptorManager.readEntityDeploymentAssociations(BeanDescriptorManager.java:713)
	at io.ebeaninternal.server.deploy.BeanDescriptorManager.deploy(BeanDescriptorManager.java:327)
	at io.ebeaninternal.server.core.InternalConfiguration.<init>(InternalConfiguration.java:147)
	at io.ebeaninternal.server.core.DefaultContainer.createServer(DefaultContainer.java:140)
	at io.ebeaninternal.server.core.DefaultContainer.createServer(DefaultContainer.java:89)
	at io.ebeaninternal.server.core.DefaultContainer.createServer(DefaultContainer.java:45)
	at io.ebean.EbeanServerFactory.create(EbeanServerFactory.java:54)
	at io.ebean.Ebean$ServerManager.getWithCreate(Ebean.java:203)
	at io.ebean.Ebean$ServerManager.<init>(Ebean.java:161)
	at io.ebean.Ebean$ServerManager.<init>(Ebean.java:126)
	at io.ebean.Ebean.<clinit>(Ebean.java:120)
	at com.test.human.CrudTest.insert_via_server(CrudTest.java:28)
	at sun.reflect.NativeMethodAccessorImpl.invoke0(Native Method)
	at sun.reflect.NativeMethodAccessorImpl.invoke(NativeMethodAccessorImpl.java:62)
	at sun.reflect.DelegatingMethodAccessorImpl.invoke(DelegatingMethodAccessorImpl.java:43)
	at java.lang.reflect.Method.invoke(Method.java:498)
	at org.junit.runners.model.FrameworkMethod$1.runReflectiveCall(FrameworkMethod.java:50)
	at org.junit.internal.runners.model.ReflectiveCallable.run(ReflectiveCallable.java:12)
	at org.junit.runners.model.FrameworkMethod.invokeExplosively(FrameworkMethod.java:47)
	at org.junit.internal.runners.statements.InvokeMethod.evaluate(InvokeMethod.java:17)
	at org.junit.runners.ParentRunner.runLeaf(ParentRunner.java:325)
	at org.junit.runners.BlockJUnit4ClassRunner.runChild(BlockJUnit4ClassRunner.java:78)
	at org.junit.runners.BlockJUnit4ClassRunner.runChild(BlockJUnit4ClassRunner.java:57)
	at org.junit.runners.ParentRunner$3.run(ParentRunner.java:290)
	at org.junit.runners.ParentRunner$1.schedule(ParentRunner.java:71)
	at org.junit.runners.ParentRunner.runChildren(ParentRunner.java:288)
	at org.junit.runners.ParentRunner.access$000(ParentRunner.java:58)
	at org.junit.runners.ParentRunner$2.evaluate(ParentRunner.java:268)
	at org.junit.runners.ParentRunner.run(ParentRunner.java:363)
	at org.junit.runner.JUnitCore.run(JUnitCore.java:137)
	at com.intellij.junit4.JUnit4IdeaTestRunner.startRunnerWithArgs(JUnit4IdeaTestRunner.java:68)
	at com.intellij.rt.execution.junit.IdeaTestRunner$Repeater.startRunnerWithArgs(IdeaTestRunner.java:47)
	at com.intellij.rt.execution.junit.JUnitStarter.prepareStreamsAndStart(JUnitStarter.java:242)
	at com.intellij.rt.execution.junit.JUnitStarter.main(JUnitStarter.java:70)
20:26:24.408 [main] INFO  io.ebean.internal.DefaultContainer - DatabasePlatform name:db platform:hsqldb
20:26:24.662 [main] ERROR i.e.s.deploy.BeanDescriptorManager - Error in deployment
java.lang.IllegalStateException: Bean class com.ebean.model.Human is not enhanced?
	at io.ebeaninternal.server.deploy.BeanDescriptorManager.setEntityBeanClass(BeanDescriptorManager.java:1442)
	at io.ebeaninternal.server.deploy.BeanDescriptorManager.createByteCode(BeanDescriptorManager.java:1314)
	at io.ebeaninternal.server.deploy.BeanDescriptorManager.readDeployAssociations(BeanDescriptorManager.java:1236)
	at io.ebeaninternal.server.deploy.BeanDescriptorManager.readEntityDeploymentAssociations(BeanDescriptorManager.java:713)
	at io.ebeaninternal.server.deploy.BeanDescriptorManager.deploy(BeanDescriptorManager.java:327)
	at io.ebeaninternal.server.core.InternalConfiguration.<init>(InternalConfiguration.java:147)
	at io.ebeaninternal.server.core.DefaultContainer.createServer(DefaultContainer.java:140)
	at io.ebeaninternal.server.core.DefaultContainer.createServer(DefaultContainer.java:89)
	at io.ebeaninternal.server.core.DefaultContainer.createServer(DefaultContainer.java:45)
	at io.ebean.EbeanServerFactory.create(EbeanServerFactory.java:54)
	at io.ebean.Ebean$ServerManager.getWithCreate(Ebean.java:203)
	at io.ebean.Ebean$ServerManager.<init>(Ebean.java:161)
	at io.ebean.Ebean$ServerManager.<init>(Ebean.java:126)
	at io.ebean.Ebean.<clinit>(Ebean.java:120)
	at com.test.human.CrudTest.insert_via_server(CrudTest.java:28)
	at sun.reflect.NativeMethodAccessorImpl.invoke0(Native Method)
	at sun.reflect.NativeMethodAccessorImpl.invoke(NativeMethodAccessorImpl.java:62)
	at sun.reflect.DelegatingMethodAccessorImpl.invoke(DelegatingMethodAccessorImpl.java:43)
	at java.lang.reflect.Method.invoke(Method.java:498)
	at org.junit.runners.model.FrameworkMethod$1.runReflectiveCall(FrameworkMethod.java:50)
	at org.junit.internal.runners.model.ReflectiveCallable.run(ReflectiveCallable.java:12)
	at org.junit.runners.model.FrameworkMethod.invokeExplosively(FrameworkMethod.java:47)
	at org.junit.internal.runners.statements.InvokeMethod.evaluate(InvokeMethod.java:17)
	at org.junit.runners.ParentRunner.runLeaf(ParentRunner.java:325)
	at org.junit.runners.BlockJUnit4ClassRunner.runChild(BlockJUnit4ClassRunner.java:78)
	at org.junit.runners.BlockJUnit4ClassRunner.runChild(BlockJUnit4ClassRunner.java:57)
	at org.junit.runners.ParentRunner$3.run(ParentRunner.java:290)
	at org.junit.runners.ParentRunner$1.schedule(ParentRunner.java:71)
	at org.junit.runners.ParentRunner.runChildren(ParentRunner.java:288)
	at org.junit.runners.ParentRunner.access$000(ParentRunner.java:58)
	at org.junit.runners.ParentRunner$2.evaluate(ParentRunner.java:268)
	at org.junit.runners.ParentRunner.run(ParentRunner.java:363)
	at org.junit.runner.JUnitCore.run(JUnitCore.java:137)
	at com.intellij.junit4.JUnit4IdeaTestRunner.startRunnerWithArgs(JUnit4IdeaTestRunner.java:68)
	at com.intellij.rt.execution.junit.IdeaTestRunner$Repeater.startRunnerWithArgs(IdeaTestRunner.java:47)
	at com.intellij.rt.execution.junit.JUnitStarter.prepareStreamsAndStart(JUnitStarter.java:242)
	at com.intellij.rt.execution.junit.JUnitStarter.main(JUnitStarter.java:70)
20:26:24.663 [main] ERROR io.ebean.Ebean - Error trying to create the default EbeanServer
java.lang.IllegalStateException: Bean class com.ebean.model.Human is not enhanced?
	at io.ebeaninternal.server.deploy.BeanDescriptorManager.setEntityBeanClass(BeanDescriptorManager.java:1442)
	at io.ebeaninternal.server.deploy.BeanDescriptorManager.createByteCode(BeanDescriptorManager.java:1314)
	at io.ebeaninternal.server.deploy.BeanDescriptorManager.readDeployAssociations(BeanDescriptorManager.java:1236)
	at io.ebeaninternal.server.deploy.BeanDescriptorManager.readEntityDeploymentAssociations(BeanDescriptorManager.java:713)
	at io.ebeaninternal.server.deploy.BeanDescriptorManager.deploy(BeanDescriptorManager.java:327)
	at io.ebeaninternal.server.core.InternalConfiguration.<init>(InternalConfiguration.java:147)
	at io.ebeaninternal.server.core.DefaultContainer.createServer(DefaultContainer.java:140)
	at io.ebeaninternal.server.core.DefaultContainer.createServer(DefaultContainer.java:89)
	at io.ebeaninternal.server.core.DefaultContainer.createServer(DefaultContainer.java:45)
	at io.ebean.EbeanServerFactory.create(EbeanServerFactory.java:54)
	at io.ebean.Ebean$ServerManager.getWithCreate(Ebean.java:203)
	at io.ebean.Ebean$ServerManager.<init>(Ebean.java:161)
	at io.ebean.Ebean$ServerManager.<init>(Ebean.java:126)
	at io.ebean.Ebean.<clinit>(Ebean.java:120)
	at com.test.human.CrudTest.insert_via_server(CrudTest.java:28)
	at sun.reflect.NativeMethodAccessorImpl.invoke0(Native Method)
	at sun.reflect.NativeMethodAccessorImpl.invoke(NativeMethodAccessorImpl.java:62)
	at sun.reflect.DelegatingMethodAccessorImpl.invoke(DelegatingMethodAccessorImpl.java:43)
	at java.lang.reflect.Method.invoke(Method.java:498)
	at org.junit.runners.model.FrameworkMethod$1.runReflectiveCall(FrameworkMethod.java:50)
	at org.junit.internal.runners.model.ReflectiveCallable.run(ReflectiveCallable.java:12)
	at org.junit.runners.model.FrameworkMethod.invokeExplosively(FrameworkMethod.java:47)
	at org.junit.internal.runners.statements.InvokeMethod.evaluate(InvokeMethod.java:17)
	at org.junit.runners.ParentRunner.runLeaf(ParentRunner.java:325)
	at org.junit.runners.BlockJUnit4ClassRunner.runChild(BlockJUnit4ClassRunner.java:78)
	at org.junit.runners.BlockJUnit4ClassRunner.runChild(BlockJUnit4ClassRunner.java:57)
	at org.junit.runners.ParentRunner$3.run(ParentRunner.java:290)
	at org.junit.runners.ParentRunner$1.schedule(ParentRunner.java:71)
	at org.junit.runners.ParentRunner.runChildren(ParentRunner.java:288)
	at org.junit.runners.ParentRunner.access$000(ParentRunner.java:58)
	at org.junit.runners.ParentRunner$2.evaluate(ParentRunner.java:268)
	at org.junit.runners.ParentRunner.run(ParentRunner.java:363)
	at org.junit.runner.JUnitCore.run(JUnitCore.java:137)
	at com.intellij.junit4.JUnit4IdeaTestRunner.startRunnerWithArgs(JUnit4IdeaTestRunner.java:68)
	at com.intellij.rt.execution.junit.IdeaTestRunner$Repeater.startRunnerWithArgs(IdeaTestRunner.java:47)
	at com.intellij.rt.execution.junit.JUnitStarter.prepareStreamsAndStart(JUnitStarter.java:242)
	at com.intellij.rt.execution.junit.JUnitStarter.main(JUnitStarter.java:70)
20:26:43.976 [main] INFO  io.ebean.internal.DefaultContainer - DatabasePlatform name:db platform:hsqldb
20:26:44.180 [main] ERROR i.e.s.deploy.BeanDescriptorManager - Error in deployment
java.lang.IllegalStateException: Bean class com.ebean.model.Human is not enhanced?
	at io.ebeaninternal.server.deploy.BeanDescriptorManager.setEntityBeanClass(BeanDescriptorManager.java:1442)
	at io.ebeaninternal.server.deploy.BeanDescriptorManager.createByteCode(BeanDescriptorManager.java:1314)
	at io.ebeaninternal.server.deploy.BeanDescriptorManager.readDeployAssociations(BeanDescriptorManager.java:1236)
	at io.ebeaninternal.server.deploy.BeanDescriptorManager.readEntityDeploymentAssociations(BeanDescriptorManager.java:713)
	at io.ebeaninternal.server.deploy.BeanDescriptorManager.deploy(BeanDescriptorManager.java:327)
	at io.ebeaninternal.server.core.InternalConfiguration.<init>(InternalConfiguration.java:147)
	at io.ebeaninternal.server.core.DefaultContainer.createServer(DefaultContainer.java:140)
	at io.ebeaninternal.server.core.DefaultContainer.createServer(DefaultContainer.java:89)
	at io.ebeaninternal.server.core.DefaultContainer.createServer(DefaultContainer.java:45)
	at io.ebean.EbeanServerFactory.create(EbeanServerFactory.java:54)
	at io.ebean.Ebean$ServerManager.getWithCreate(Ebean.java:203)
	at io.ebean.Ebean$ServerManager.<init>(Ebean.java:161)
	at io.ebean.Ebean$ServerManager.<init>(Ebean.java:126)
	at io.ebean.Ebean.<clinit>(Ebean.java:120)
	at com.test.human.CrudTest.insert_via_server(CrudTest.java:28)
	at sun.reflect.NativeMethodAccessorImpl.invoke0(Native Method)
	at sun.reflect.NativeMethodAccessorImpl.invoke(NativeMethodAccessorImpl.java:62)
	at sun.reflect.DelegatingMethodAccessorImpl.invoke(DelegatingMethodAccessorImpl.java:43)
	at java.lang.reflect.Method.invoke(Method.java:498)
	at org.junit.runners.model.FrameworkMethod$1.runReflectiveCall(FrameworkMethod.java:50)
	at org.junit.internal.runners.model.ReflectiveCallable.run(ReflectiveCallable.java:12)
	at org.junit.runners.model.FrameworkMethod.invokeExplosively(FrameworkMethod.java:47)
	at org.junit.internal.runners.statements.InvokeMethod.evaluate(InvokeMethod.java:17)
	at org.junit.runners.ParentRunner.runLeaf(ParentRunner.java:325)
	at org.junit.runners.BlockJUnit4ClassRunner.runChild(BlockJUnit4ClassRunner.java:78)
	at org.junit.runners.BlockJUnit4ClassRunner.runChild(BlockJUnit4ClassRunner.java:57)
	at org.junit.runners.ParentRunner$3.run(ParentRunner.java:290)
	at org.junit.runners.ParentRunner$1.schedule(ParentRunner.java:71)
	at org.junit.runners.ParentRunner.runChildren(ParentRunner.java:288)
	at org.junit.runners.ParentRunner.access$000(ParentRunner.java:58)
	at org.junit.runners.ParentRunner$2.evaluate(ParentRunner.java:268)
	at org.junit.runners.ParentRunner.run(ParentRunner.java:363)
	at org.junit.runner.JUnitCore.run(JUnitCore.java:137)
	at com.intellij.junit4.JUnit4IdeaTestRunner.startRunnerWithArgs(JUnit4IdeaTestRunner.java:68)
	at com.intellij.rt.execution.junit.IdeaTestRunner$Repeater.startRunnerWithArgs(IdeaTestRunner.java:47)
	at com.intellij.rt.execution.junit.JUnitStarter.prepareStreamsAndStart(JUnitStarter.java:242)
	at com.intellij.rt.execution.junit.JUnitStarter.main(JUnitStarter.java:70)
20:26:44.181 [main] ERROR io.ebean.Ebean - Error trying to create the default EbeanServer
java.lang.IllegalStateException: Bean class com.ebean.model.Human is not enhanced?
	at io.ebeaninternal.server.deploy.BeanDescriptorManager.setEntityBeanClass(BeanDescriptorManager.java:1442)
	at io.ebeaninternal.server.deploy.BeanDescriptorManager.createByteCode(BeanDescriptorManager.java:1314)
	at io.ebeaninternal.server.deploy.BeanDescriptorManager.readDeployAssociations(BeanDescriptorManager.java:1236)
	at io.ebeaninternal.server.deploy.BeanDescriptorManager.readEntityDeploymentAssociations(BeanDescriptorManager.java:713)
	at io.ebeaninternal.server.deploy.BeanDescriptorManager.deploy(BeanDescriptorManager.java:327)
	at io.ebeaninternal.server.core.InternalConfiguration.<init>(InternalConfiguration.java:147)
	at io.ebeaninternal.server.core.DefaultContainer.createServer(DefaultContainer.java:140)
	at io.ebeaninternal.server.core.DefaultContainer.createServer(DefaultContainer.java:89)
	at io.ebeaninternal.server.core.DefaultContainer.createServer(DefaultContainer.java:45)
	at io.ebean.EbeanServerFactory.create(EbeanServerFactory.java:54)
	at io.ebean.Ebean$ServerManager.getWithCreate(Ebean.java:203)
	at io.ebean.Ebean$ServerManager.<init>(Ebean.java:161)
	at io.ebean.Ebean$ServerManager.<init>(Ebean.java:126)
	at io.ebean.Ebean.<clinit>(Ebean.java:120)
	at com.test.human.CrudTest.insert_via_server(CrudTest.java:28)
	at sun.reflect.NativeMethodAccessorImpl.invoke0(Native Method)
	at sun.reflect.NativeMethodAccessorImpl.invoke(NativeMethodAccessorImpl.java:62)
	at sun.reflect.DelegatingMethodAccessorImpl.invoke(DelegatingMethodAccessorImpl.java:43)
	at java.lang.reflect.Method.invoke(Method.java:498)
	at org.junit.runners.model.FrameworkMethod$1.runReflectiveCall(FrameworkMethod.java:50)
	at org.junit.internal.runners.model.ReflectiveCallable.run(ReflectiveCallable.java:12)
	at org.junit.runners.model.FrameworkMethod.invokeExplosively(FrameworkMethod.java:47)
	at org.junit.internal.runners.statements.InvokeMethod.evaluate(InvokeMethod.java:17)
	at org.junit.runners.ParentRunner.runLeaf(ParentRunner.java:325)
	at org.junit.runners.BlockJUnit4ClassRunner.runChild(BlockJUnit4ClassRunner.java:78)
	at org.junit.runners.BlockJUnit4ClassRunner.runChild(BlockJUnit4ClassRunner.java:57)
	at org.junit.runners.ParentRunner$3.run(ParentRunner.java:290)
	at org.junit.runners.ParentRunner$1.schedule(ParentRunner.java:71)
	at org.junit.runners.ParentRunner.runChildren(ParentRunner.java:288)
	at org.junit.runners.ParentRunner.access$000(ParentRunner.java:58)
	at org.junit.runners.ParentRunner$2.evaluate(ParentRunner.java:268)
	at org.junit.runners.ParentRunner.run(ParentRunner.java:363)
	at org.junit.runner.JUnitCore.run(JUnitCore.java:137)
	at com.intellij.junit4.JUnit4IdeaTestRunner.startRunnerWithArgs(JUnit4IdeaTestRunner.java:68)
	at com.intellij.rt.execution.junit.IdeaTestRunner$Repeater.startRunnerWithArgs(IdeaTestRunner.java:47)
	at com.intellij.rt.execution.junit.JUnitStarter.prepareStreamsAndStart(JUnitStarter.java:242)
	at com.intellij.rt.execution.junit.JUnitStarter.main(JUnitStarter.java:70)
20:28:01.356 [main] ERROR io.ebean.Ebean - Error trying to create the default EbeanServer
java.lang.RuntimeException: Error registering class [com.ebean.model.*] from [com.ebean.model.*]
	at io.ebean.config.ServerConfig.getClasses(ServerConfig.java:2719)
	at io.ebean.config.ServerConfig.loadSettings(ServerConfig.java:2688)
	at io.ebean.config.ServerConfig.loadFromProperties(ServerConfig.java:2483)
	at io.ebeaninternal.server.core.DefaultContainer.createServer(DefaultContainer.java:87)
	at io.ebeaninternal.server.core.DefaultContainer.createServer(DefaultContainer.java:45)
	at io.ebean.EbeanServerFactory.create(EbeanServerFactory.java:54)
	at io.ebean.Ebean$ServerManager.getWithCreate(Ebean.java:203)
	at io.ebean.Ebean$ServerManager.<init>(Ebean.java:161)
	at io.ebean.Ebean$ServerManager.<init>(Ebean.java:126)
	at io.ebean.Ebean.<clinit>(Ebean.java:120)
	at com.test.human.CrudTest.insert_via_server(CrudTest.java:28)
	at sun.reflect.NativeMethodAccessorImpl.invoke0(Native Method)
	at sun.reflect.NativeMethodAccessorImpl.invoke(NativeMethodAccessorImpl.java:62)
	at sun.reflect.DelegatingMethodAccessorImpl.invoke(DelegatingMethodAccessorImpl.java:43)
	at java.lang.reflect.Method.invoke(Method.java:498)
	at org.junit.runners.model.FrameworkMethod$1.runReflectiveCall(FrameworkMethod.java:50)
	at org.junit.internal.runners.model.ReflectiveCallable.run(ReflectiveCallable.java:12)
	at org.junit.runners.model.FrameworkMethod.invokeExplosively(FrameworkMethod.java:47)
	at org.junit.internal.runners.statements.InvokeMethod.evaluate(InvokeMethod.java:17)
	at org.junit.runners.ParentRunner.runLeaf(ParentRunner.java:325)
	at org.junit.runners.BlockJUnit4ClassRunner.runChild(BlockJUnit4ClassRunner.java:78)
	at org.junit.runners.BlockJUnit4ClassRunner.runChild(BlockJUnit4ClassRunner.java:57)
	at org.junit.runners.ParentRunner$3.run(ParentRunner.java:290)
	at org.junit.runners.ParentRunner$1.schedule(ParentRunner.java:71)
	at org.junit.runners.ParentRunner.runChildren(ParentRunner.java:288)
	at org.junit.runners.ParentRunner.access$000(ParentRunner.java:58)
	at org.junit.runners.ParentRunner$2.evaluate(ParentRunner.java:268)
	at org.junit.runners.ParentRunner.run(ParentRunner.java:363)
	at org.junit.runner.JUnitCore.run(JUnitCore.java:137)
	at com.intellij.junit4.JUnit4IdeaTestRunner.startRunnerWithArgs(JUnit4IdeaTestRunner.java:68)
	at com.intellij.rt.execution.junit.IdeaTestRunner$Repeater.startRunnerWithArgs(IdeaTestRunner.java:47)
	at com.intellij.rt.execution.junit.JUnitStarter.prepareStreamsAndStart(JUnitStarter.java:242)
	at com.intellij.rt.execution.junit.JUnitStarter.main(JUnitStarter.java:70)
Caused by: java.lang.ClassNotFoundException: com.ebean.model.*
	at java.net.URLClassLoader.findClass(URLClassLoader.java:381)
	at java.lang.ClassLoader.loadClass(ClassLoader.java:424)
	at sun.misc.Launcher$AppClassLoader.loadClass(Launcher.java:331)
	at java.lang.ClassLoader.loadClass(ClassLoader.java:357)
	at java.lang.Class.forName0(Native Method)
	at java.lang.Class.forName(Class.java:264)
	at io.ebean.config.ServerConfig.getClasses(ServerConfig.java:2716)
	... 32 common frames omitted
20:28:11.909 [main] INFO  io.ebean.internal.DefaultContainer - DatabasePlatform name:db platform:hsqldb
20:28:12.174 [main] ERROR i.e.s.deploy.BeanDescriptorManager - Error in deployment
java.lang.IllegalStateException: Bean class com.ebean.model.Human is not enhanced?
	at io.ebeaninternal.server.deploy.BeanDescriptorManager.setEntityBeanClass(BeanDescriptorManager.java:1442)
	at io.ebeaninternal.server.deploy.BeanDescriptorManager.createByteCode(BeanDescriptorManager.java:1314)
	at io.ebeaninternal.server.deploy.BeanDescriptorManager.readDeployAssociations(BeanDescriptorManager.java:1236)
	at io.ebeaninternal.server.deploy.BeanDescriptorManager.readEntityDeploymentAssociations(BeanDescriptorManager.java:713)
	at io.ebeaninternal.server.deploy.BeanDescriptorManager.deploy(BeanDescriptorManager.java:327)
	at io.ebeaninternal.server.core.InternalConfiguration.<init>(InternalConfiguration.java:147)
	at io.ebeaninternal.server.core.DefaultContainer.createServer(DefaultContainer.java:140)
	at io.ebeaninternal.server.core.DefaultContainer.createServer(DefaultContainer.java:89)
	at io.ebeaninternal.server.core.DefaultContainer.createServer(DefaultContainer.java:45)
	at io.ebean.EbeanServerFactory.create(EbeanServerFactory.java:54)
	at io.ebean.Ebean$ServerManager.getWithCreate(Ebean.java:203)
	at io.ebean.Ebean$ServerManager.<init>(Ebean.java:161)
	at io.ebean.Ebean$ServerManager.<init>(Ebean.java:126)
	at io.ebean.Ebean.<clinit>(Ebean.java:120)
	at com.test.human.CrudTest.insert_via_server(CrudTest.java:28)
	at sun.reflect.NativeMethodAccessorImpl.invoke0(Native Method)
	at sun.reflect.NativeMethodAccessorImpl.invoke(NativeMethodAccessorImpl.java:62)
	at sun.reflect.DelegatingMethodAccessorImpl.invoke(DelegatingMethodAccessorImpl.java:43)
	at java.lang.reflect.Method.invoke(Method.java:498)
	at org.junit.runners.model.FrameworkMethod$1.runReflectiveCall(FrameworkMethod.java:50)
	at org.junit.internal.runners.model.ReflectiveCallable.run(ReflectiveCallable.java:12)
	at org.junit.runners.model.FrameworkMethod.invokeExplosively(FrameworkMethod.java:47)
	at org.junit.internal.runners.statements.InvokeMethod.evaluate(InvokeMethod.java:17)
	at org.junit.runners.ParentRunner.runLeaf(ParentRunner.java:325)
	at org.junit.runners.BlockJUnit4ClassRunner.runChild(BlockJUnit4ClassRunner.java:78)
	at org.junit.runners.BlockJUnit4ClassRunner.runChild(BlockJUnit4ClassRunner.java:57)
	at org.junit.runners.ParentRunner$3.run(ParentRunner.java:290)
	at org.junit.runners.ParentRunner$1.schedule(ParentRunner.java:71)
	at org.junit.runners.ParentRunner.runChildren(ParentRunner.java:288)
	at org.junit.runners.ParentRunner.access$000(ParentRunner.java:58)
	at org.junit.runners.ParentRunner$2.evaluate(ParentRunner.java:268)
	at org.junit.runners.ParentRunner.run(ParentRunner.java:363)
	at org.junit.runner.JUnitCore.run(JUnitCore.java:137)
	at com.intellij.junit4.JUnit4IdeaTestRunner.startRunnerWithArgs(JUnit4IdeaTestRunner.java:68)
	at com.intellij.rt.execution.junit.IdeaTestRunner$Repeater.startRunnerWithArgs(IdeaTestRunner.java:47)
	at com.intellij.rt.execution.junit.JUnitStarter.prepareStreamsAndStart(JUnitStarter.java:242)
	at com.intellij.rt.execution.junit.JUnitStarter.main(JUnitStarter.java:70)
20:28:12.175 [main] ERROR io.ebean.Ebean - Error trying to create the default EbeanServer
java.lang.IllegalStateException: Bean class com.ebean.model.Human is not enhanced?
	at io.ebeaninternal.server.deploy.BeanDescriptorManager.setEntityBeanClass(BeanDescriptorManager.java:1442)
	at io.ebeaninternal.server.deploy.BeanDescriptorManager.createByteCode(BeanDescriptorManager.java:1314)
	at io.ebeaninternal.server.deploy.BeanDescriptorManager.readDeployAssociations(BeanDescriptorManager.java:1236)
	at io.ebeaninternal.server.deploy.BeanDescriptorManager.readEntityDeploymentAssociations(BeanDescriptorManager.java:713)
	at io.ebeaninternal.server.deploy.BeanDescriptorManager.deploy(BeanDescriptorManager.java:327)
	at io.ebeaninternal.server.core.InternalConfiguration.<init>(InternalConfiguration.java:147)
	at io.ebeaninternal.server.core.DefaultContainer.createServer(DefaultContainer.java:140)
	at io.ebeaninternal.server.core.DefaultContainer.createServer(DefaultContainer.java:89)
	at io.ebeaninternal.server.core.DefaultContainer.createServer(DefaultContainer.java:45)
	at io.ebean.EbeanServerFactory.create(EbeanServerFactory.java:54)
	at io.ebean.Ebean$ServerManager.getWithCreate(Ebean.java:203)
	at io.ebean.Ebean$ServerManager.<init>(Ebean.java:161)
	at io.ebean.Ebean$ServerManager.<init>(Ebean.java:126)
	at io.ebean.Ebean.<clinit>(Ebean.java:120)
	at com.test.human.CrudTest.insert_via_server(CrudTest.java:28)
	at sun.reflect.NativeMethodAccessorImpl.invoke0(Native Method)
	at sun.reflect.NativeMethodAccessorImpl.invoke(NativeMethodAccessorImpl.java:62)
	at sun.reflect.DelegatingMethodAccessorImpl.invoke(DelegatingMethodAccessorImpl.java:43)
	at java.lang.reflect.Method.invoke(Method.java:498)
	at org.junit.runners.model.FrameworkMethod$1.runReflectiveCall(FrameworkMethod.java:50)
	at org.junit.internal.runners.model.ReflectiveCallable.run(ReflectiveCallable.java:12)
	at org.junit.runners.model.FrameworkMethod.invokeExplosively(FrameworkMethod.java:47)
	at org.junit.internal.runners.statements.InvokeMethod.evaluate(InvokeMethod.java:17)
	at org.junit.runners.ParentRunner.runLeaf(ParentRunner.java:325)
	at org.junit.runners.BlockJUnit4ClassRunner.runChild(BlockJUnit4ClassRunner.java:78)
	at org.junit.runners.BlockJUnit4ClassRunner.runChild(BlockJUnit4ClassRunner.java:57)
	at org.junit.runners.ParentRunner$3.run(ParentRunner.java:290)
	at org.junit.runners.ParentRunner$1.schedule(ParentRunner.java:71)
	at org.junit.runners.ParentRunner.runChildren(ParentRunner.java:288)
	at org.junit.runners.ParentRunner.access$000(ParentRunner.java:58)
	at org.junit.runners.ParentRunner$2.evaluate(ParentRunner.java:268)
	at org.junit.runners.ParentRunner.run(ParentRunner.java:363)
	at org.junit.runner.JUnitCore.run(JUnitCore.java:137)
	at com.intellij.junit4.JUnit4IdeaTestRunner.startRunnerWithArgs(JUnit4IdeaTestRunner.java:68)
	at com.intellij.rt.execution.junit.IdeaTestRunner$Repeater.startRunnerWithArgs(IdeaTestRunner.java:47)
	at com.intellij.rt.execution.junit.JUnitStarter.prepareStreamsAndStart(JUnitStarter.java:242)
	at com.intellij.rt.execution.junit.JUnitStarter.main(JUnitStarter.java:70)
20:28:19.341 [main] ERROR io.ebean.Ebean - Error trying to create the default EbeanServer
java.lang.RuntimeException: Error registering class [com.ebean.model] from [com.ebean.model]
	at io.ebean.config.ServerConfig.getClasses(ServerConfig.java:2719)
	at io.ebean.config.ServerConfig.loadSettings(ServerConfig.java:2688)
	at io.ebean.config.ServerConfig.loadFromProperties(ServerConfig.java:2483)
	at io.ebeaninternal.server.core.DefaultContainer.createServer(DefaultContainer.java:87)
	at io.ebeaninternal.server.core.DefaultContainer.createServer(DefaultContainer.java:45)
	at io.ebean.EbeanServerFactory.create(EbeanServerFactory.java:54)
	at io.ebean.Ebean$ServerManager.getWithCreate(Ebean.java:203)
	at io.ebean.Ebean$ServerManager.<init>(Ebean.java:161)
	at io.ebean.Ebean$ServerManager.<init>(Ebean.java:126)
	at io.ebean.Ebean.<clinit>(Ebean.java:120)
	at com.test.human.CrudTest.insert_via_server(CrudTest.java:28)
	at sun.reflect.NativeMethodAccessorImpl.invoke0(Native Method)
	at sun.reflect.NativeMethodAccessorImpl.invoke(NativeMethodAccessorImpl.java:62)
	at sun.reflect.DelegatingMethodAccessorImpl.invoke(DelegatingMethodAccessorImpl.java:43)
	at java.lang.reflect.Method.invoke(Method.java:498)
	at org.junit.runners.model.FrameworkMethod$1.runReflectiveCall(FrameworkMethod.java:50)
	at org.junit.internal.runners.model.ReflectiveCallable.run(ReflectiveCallable.java:12)
	at org.junit.runners.model.FrameworkMethod.invokeExplosively(FrameworkMethod.java:47)
	at org.junit.internal.runners.statements.InvokeMethod.evaluate(InvokeMethod.java:17)
	at org.junit.runners.ParentRunner.runLeaf(ParentRunner.java:325)
	at org.junit.runners.BlockJUnit4ClassRunner.runChild(BlockJUnit4ClassRunner.java:78)
	at org.junit.runners.BlockJUnit4ClassRunner.runChild(BlockJUnit4ClassRunner.java:57)
	at org.junit.runners.ParentRunner$3.run(ParentRunner.java:290)
	at org.junit.runners.ParentRunner$1.schedule(ParentRunner.java:71)
	at org.junit.runners.ParentRunner.runChildren(ParentRunner.java:288)
	at org.junit.runners.ParentRunner.access$000(ParentRunner.java:58)
	at org.junit.runners.ParentRunner$2.evaluate(ParentRunner.java:268)
	at org.junit.runners.ParentRunner.run(ParentRunner.java:363)
	at org.junit.runner.JUnitCore.run(JUnitCore.java:137)
	at com.intellij.junit4.JUnit4IdeaTestRunner.startRunnerWithArgs(JUnit4IdeaTestRunner.java:68)
	at com.intellij.rt.execution.junit.IdeaTestRunner$Repeater.startRunnerWithArgs(IdeaTestRunner.java:47)
	at com.intellij.rt.execution.junit.JUnitStarter.prepareStreamsAndStart(JUnitStarter.java:242)
	at com.intellij.rt.execution.junit.JUnitStarter.main(JUnitStarter.java:70)
Caused by: java.lang.ClassNotFoundException: com.ebean.model
	at java.net.URLClassLoader.findClass(URLClassLoader.java:381)
	at java.lang.ClassLoader.loadClass(ClassLoader.java:424)
	at sun.misc.Launcher$AppClassLoader.loadClass(Launcher.java:331)
	at java.lang.ClassLoader.loadClass(ClassLoader.java:357)
	at java.lang.Class.forName0(Native Method)
	at java.lang.Class.forName(Class.java:264)
	at io.ebean.config.ServerConfig.getClasses(ServerConfig.java:2716)
	... 32 common frames omitted
20:28:38.337 [main] ERROR io.ebean.Ebean - Error trying to create the default EbeanServer
java.lang.RuntimeException: Error registering class [["com.ebean.model.*"]] from [["com.ebean.model.*"]]
	at io.ebean.config.ServerConfig.getClasses(ServerConfig.java:2719)
	at io.ebean.config.ServerConfig.loadSettings(ServerConfig.java:2688)
	at io.ebean.config.ServerConfig.loadFromProperties(ServerConfig.java:2483)
	at io.ebeaninternal.server.core.DefaultContainer.createServer(DefaultContainer.java:87)
	at io.ebeaninternal.server.core.DefaultContainer.createServer(DefaultContainer.java:45)
	at io.ebean.EbeanServerFactory.create(EbeanServerFactory.java:54)
	at io.ebean.Ebean$ServerManager.getWithCreate(Ebean.java:203)
	at io.ebean.Ebean$ServerManager.<init>(Ebean.java:161)
	at io.ebean.Ebean$ServerManager.<init>(Ebean.java:126)
	at io.ebean.Ebean.<clinit>(Ebean.java:120)
	at com.test.human.CrudTest.insert_via_server(CrudTest.java:28)
	at sun.reflect.NativeMethodAccessorImpl.invoke0(Native Method)
	at sun.reflect.NativeMethodAccessorImpl.invoke(NativeMethodAccessorImpl.java:62)
	at sun.reflect.DelegatingMethodAccessorImpl.invoke(DelegatingMethodAccessorImpl.java:43)
	at java.lang.reflect.Method.invoke(Method.java:498)
	at org.junit.runners.model.FrameworkMethod$1.runReflectiveCall(FrameworkMethod.java:50)
	at org.junit.internal.runners.model.ReflectiveCallable.run(ReflectiveCallable.java:12)
	at org.junit.runners.model.FrameworkMethod.invokeExplosively(FrameworkMethod.java:47)
	at org.junit.internal.runners.statements.InvokeMethod.evaluate(InvokeMethod.java:17)
	at org.junit.runners.ParentRunner.runLeaf(ParentRunner.java:325)
	at org.junit.runners.BlockJUnit4ClassRunner.runChild(BlockJUnit4ClassRunner.java:78)
	at org.junit.runners.BlockJUnit4ClassRunner.runChild(BlockJUnit4ClassRunner.java:57)
	at org.junit.runners.ParentRunner$3.run(ParentRunner.java:290)
	at org.junit.runners.ParentRunner$1.schedule(ParentRunner.java:71)
	at org.junit.runners.ParentRunner.runChildren(ParentRunner.java:288)
	at org.junit.runners.ParentRunner.access$000(ParentRunner.java:58)
	at org.junit.runners.ParentRunner$2.evaluate(ParentRunner.java:268)
	at org.junit.runners.ParentRunner.run(ParentRunner.java:363)
	at org.junit.runner.JUnitCore.run(JUnitCore.java:137)
	at com.intellij.junit4.JUnit4IdeaTestRunner.startRunnerWithArgs(JUnit4IdeaTestRunner.java:68)
	at com.intellij.rt.execution.junit.IdeaTestRunner$Repeater.startRunnerWithArgs(IdeaTestRunner.java:47)
	at com.intellij.rt.execution.junit.JUnitStarter.prepareStreamsAndStart(JUnitStarter.java:242)
	at com.intellij.rt.execution.junit.JUnitStarter.main(JUnitStarter.java:70)
Caused by: java.lang.ClassNotFoundException: ["com/ebean/model/*"]
	at java.lang.Class.forName0(Native Method)
	at java.lang.Class.forName(Class.java:264)
	at io.ebean.config.ServerConfig.getClasses(ServerConfig.java:2716)
	... 32 common frames omitted
20:28:52.280 [main] INFO  io.ebean.internal.DefaultContainer - DatabasePlatform name:db platform:hsqldb
20:28:52.524 [main] ERROR i.e.s.deploy.BeanDescriptorManager - Error in deployment
java.lang.IllegalStateException: Bean class com.ebean.model.Human is not enhanced?
	at io.ebeaninternal.server.deploy.BeanDescriptorManager.setEntityBeanClass(BeanDescriptorManager.java:1442)
	at io.ebeaninternal.server.deploy.BeanDescriptorManager.createByteCode(BeanDescriptorManager.java:1314)
	at io.ebeaninternal.server.deploy.BeanDescriptorManager.readDeployAssociations(BeanDescriptorManager.java:1236)
	at io.ebeaninternal.server.deploy.BeanDescriptorManager.readEntityDeploymentAssociations(BeanDescriptorManager.java:713)
	at io.ebeaninternal.server.deploy.BeanDescriptorManager.deploy(BeanDescriptorManager.java:327)
	at io.ebeaninternal.server.core.InternalConfiguration.<init>(InternalConfiguration.java:147)
	at io.ebeaninternal.server.core.DefaultContainer.createServer(DefaultContainer.java:140)
	at io.ebeaninternal.server.core.DefaultContainer.createServer(DefaultContainer.java:89)
	at io.ebeaninternal.server.core.DefaultContainer.createServer(DefaultContainer.java:45)
	at io.ebean.EbeanServerFactory.create(EbeanServerFactory.java:54)
	at io.ebean.Ebean$ServerManager.getWithCreate(Ebean.java:203)
	at io.ebean.Ebean$ServerManager.<init>(Ebean.java:161)
	at io.ebean.Ebean$ServerManager.<init>(Ebean.java:126)
	at io.ebean.Ebean.<clinit>(Ebean.java:120)
	at com.test.human.CrudTest.insert_via_server(CrudTest.java:28)
	at sun.reflect.NativeMethodAccessorImpl.invoke0(Native Method)
	at sun.reflect.NativeMethodAccessorImpl.invoke(NativeMethodAccessorImpl.java:62)
	at sun.reflect.DelegatingMethodAccessorImpl.invoke(DelegatingMethodAccessorImpl.java:43)
	at java.lang.reflect.Method.invoke(Method.java:498)
	at org.junit.runners.model.FrameworkMethod$1.runReflectiveCall(FrameworkMethod.java:50)
	at org.junit.internal.runners.model.ReflectiveCallable.run(ReflectiveCallable.java:12)
	at org.junit.runners.model.FrameworkMethod.invokeExplosively(FrameworkMethod.java:47)
	at org.junit.internal.runners.statements.InvokeMethod.evaluate(InvokeMethod.java:17)
	at org.junit.runners.ParentRunner.runLeaf(ParentRunner.java:325)
	at org.junit.runners.BlockJUnit4ClassRunner.runChild(BlockJUnit4ClassRunner.java:78)
	at org.junit.runners.BlockJUnit4ClassRunner.runChild(BlockJUnit4ClassRunner.java:57)
	at org.junit.runners.ParentRunner$3.run(ParentRunner.java:290)
	at org.junit.runners.ParentRunner$1.schedule(ParentRunner.java:71)
	at org.junit.runners.ParentRunner.runChildren(ParentRunner.java:288)
	at org.junit.runners.ParentRunner.access$000(ParentRunner.java:58)
	at org.junit.runners.ParentRunner$2.evaluate(ParentRunner.java:268)
	at org.junit.runners.ParentRunner.run(ParentRunner.java:363)
	at org.junit.runner.JUnitCore.run(JUnitCore.java:137)
	at com.intellij.junit4.JUnit4IdeaTestRunner.startRunnerWithArgs(JUnit4IdeaTestRunner.java:68)
	at com.intellij.rt.execution.junit.IdeaTestRunner$Repeater.startRunnerWithArgs(IdeaTestRunner.java:47)
	at com.intellij.rt.execution.junit.JUnitStarter.prepareStreamsAndStart(JUnitStarter.java:242)
	at com.intellij.rt.execution.junit.JUnitStarter.main(JUnitStarter.java:70)
20:28:52.525 [main] ERROR io.ebean.Ebean - Error trying to create the default EbeanServer
java.lang.IllegalStateException: Bean class com.ebean.model.Human is not enhanced?
	at io.ebeaninternal.server.deploy.BeanDescriptorManager.setEntityBeanClass(BeanDescriptorManager.java:1442)
	at io.ebeaninternal.server.deploy.BeanDescriptorManager.createByteCode(BeanDescriptorManager.java:1314)
	at io.ebeaninternal.server.deploy.BeanDescriptorManager.readDeployAssociations(BeanDescriptorManager.java:1236)
	at io.ebeaninternal.server.deploy.BeanDescriptorManager.readEntityDeploymentAssociations(BeanDescriptorManager.java:713)
	at io.ebeaninternal.server.deploy.BeanDescriptorManager.deploy(BeanDescriptorManager.java:327)
	at io.ebeaninternal.server.core.InternalConfiguration.<init>(InternalConfiguration.java:147)
	at io.ebeaninternal.server.core.DefaultContainer.createServer(DefaultContainer.java:140)
	at io.ebeaninternal.server.core.DefaultContainer.createServer(DefaultContainer.java:89)
	at io.ebeaninternal.server.core.DefaultContainer.createServer(DefaultContainer.java:45)
	at io.ebean.EbeanServerFactory.create(EbeanServerFactory.java:54)
	at io.ebean.Ebean$ServerManager.getWithCreate(Ebean.java:203)
	at io.ebean.Ebean$ServerManager.<init>(Ebean.java:161)
	at io.ebean.Ebean$ServerManager.<init>(Ebean.java:126)
	at io.ebean.Ebean.<clinit>(Ebean.java:120)
	at com.test.human.CrudTest.insert_via_server(CrudTest.java:28)
	at sun.reflect.NativeMethodAccessorImpl.invoke0(Native Method)
	at sun.reflect.NativeMethodAccessorImpl.invoke(NativeMethodAccessorImpl.java:62)
	at sun.reflect.DelegatingMethodAccessorImpl.invoke(DelegatingMethodAccessorImpl.java:43)
	at java.lang.reflect.Method.invoke(Method.java:498)
	at org.junit.runners.model.FrameworkMethod$1.runReflectiveCall(FrameworkMethod.java:50)
	at org.junit.internal.runners.model.ReflectiveCallable.run(ReflectiveCallable.java:12)
	at org.junit.runners.model.FrameworkMethod.invokeExplosively(FrameworkMethod.java:47)
	at org.junit.internal.runners.statements.InvokeMethod.evaluate(InvokeMethod.java:17)
	at org.junit.runners.ParentRunner.runLeaf(ParentRunner.java:325)
	at org.junit.runners.BlockJUnit4ClassRunner.runChild(BlockJUnit4ClassRunner.java:78)
	at org.junit.runners.BlockJUnit4ClassRunner.runChild(BlockJUnit4ClassRunner.java:57)
	at org.junit.runners.ParentRunner$3.run(ParentRunner.java:290)
	at org.junit.runners.ParentRunner$1.schedule(ParentRunner.java:71)
	at org.junit.runners.ParentRunner.runChildren(ParentRunner.java:288)
	at org.junit.runners.ParentRunner.access$000(ParentRunner.java:58)
	at org.junit.runners.ParentRunner$2.evaluate(ParentRunner.java:268)
	at org.junit.runners.ParentRunner.run(ParentRunner.java:363)
	at org.junit.runner.JUnitCore.run(JUnitCore.java:137)
	at com.intellij.junit4.JUnit4IdeaTestRunner.startRunnerWithArgs(JUnit4IdeaTestRunner.java:68)
	at com.intellij.rt.execution.junit.IdeaTestRunner$Repeater.startRunnerWithArgs(IdeaTestRunner.java:47)
	at com.intellij.rt.execution.junit.JUnitStarter.prepareStreamsAndStart(JUnitStarter.java:242)
	at com.intellij.rt.execution.junit.JUnitStarter.main(JUnitStarter.java:70)
20:29:24.284 [main] INFO  io.ebean.internal.DefaultContainer - DatabasePlatform name:db platform:hsqldb
20:29:24.530 [main] ERROR i.e.s.deploy.BeanDescriptorManager - Error in deployment
java.lang.IllegalStateException: Bean class com.ebean.model.Human is not enhanced?
	at io.ebeaninternal.server.deploy.BeanDescriptorManager.setEntityBeanClass(BeanDescriptorManager.java:1442)
	at io.ebeaninternal.server.deploy.BeanDescriptorManager.createByteCode(BeanDescriptorManager.java:1314)
	at io.ebeaninternal.server.deploy.BeanDescriptorManager.readDeployAssociations(BeanDescriptorManager.java:1236)
	at io.ebeaninternal.server.deploy.BeanDescriptorManager.readEntityDeploymentAssociations(BeanDescriptorManager.java:713)
	at io.ebeaninternal.server.deploy.BeanDescriptorManager.deploy(BeanDescriptorManager.java:327)
	at io.ebeaninternal.server.core.InternalConfiguration.<init>(InternalConfiguration.java:147)
	at io.ebeaninternal.server.core.DefaultContainer.createServer(DefaultContainer.java:140)
	at io.ebeaninternal.server.core.DefaultContainer.createServer(DefaultContainer.java:89)
	at io.ebeaninternal.server.core.DefaultContainer.createServer(DefaultContainer.java:45)
	at io.ebean.EbeanServerFactory.create(EbeanServerFactory.java:54)
	at io.ebean.Ebean$ServerManager.getWithCreate(Ebean.java:203)
	at io.ebean.Ebean$ServerManager.<init>(Ebean.java:161)
	at io.ebean.Ebean$ServerManager.<init>(Ebean.java:126)
	at io.ebean.Ebean.<clinit>(Ebean.java:120)
	at com.test.human.CrudTest.insert_via_server(CrudTest.java:28)
	at sun.reflect.NativeMethodAccessorImpl.invoke0(Native Method)
	at sun.reflect.NativeMethodAccessorImpl.invoke(NativeMethodAccessorImpl.java:62)
	at sun.reflect.DelegatingMethodAccessorImpl.invoke(DelegatingMethodAccessorImpl.java:43)
	at java.lang.reflect.Method.invoke(Method.java:498)
	at org.junit.runners.model.FrameworkMethod$1.runReflectiveCall(FrameworkMethod.java:50)
	at org.junit.internal.runners.model.ReflectiveCallable.run(ReflectiveCallable.java:12)
	at org.junit.runners.model.FrameworkMethod.invokeExplosively(FrameworkMethod.java:47)
	at org.junit.internal.runners.statements.InvokeMethod.evaluate(InvokeMethod.java:17)
	at org.junit.runners.ParentRunner.runLeaf(ParentRunner.java:325)
	at org.junit.runners.BlockJUnit4ClassRunner.runChild(BlockJUnit4ClassRunner.java:78)
	at org.junit.runners.BlockJUnit4ClassRunner.runChild(BlockJUnit4ClassRunner.java:57)
	at org.junit.runners.ParentRunner$3.run(ParentRunner.java:290)
	at org.junit.runners.ParentRunner$1.schedule(ParentRunner.java:71)
	at org.junit.runners.ParentRunner.runChildren(ParentRunner.java:288)
	at org.junit.runners.ParentRunner.access$000(ParentRunner.java:58)
	at org.junit.runners.ParentRunner$2.evaluate(ParentRunner.java:268)
	at org.junit.runners.ParentRunner.run(ParentRunner.java:363)
	at org.junit.runner.JUnitCore.run(JUnitCore.java:137)
	at com.intellij.junit4.JUnit4IdeaTestRunner.startRunnerWithArgs(JUnit4IdeaTestRunner.java:68)
	at com.intellij.rt.execution.junit.IdeaTestRunner$Repeater.startRunnerWithArgs(IdeaTestRunner.java:47)
	at com.intellij.rt.execution.junit.JUnitStarter.prepareStreamsAndStart(JUnitStarter.java:242)
	at com.intellij.rt.execution.junit.JUnitStarter.main(JUnitStarter.java:70)
20:29:24.531 [main] ERROR io.ebean.Ebean - Error trying to create the default EbeanServer
java.lang.IllegalStateException: Bean class com.ebean.model.Human is not enhanced?
	at io.ebeaninternal.server.deploy.BeanDescriptorManager.setEntityBeanClass(BeanDescriptorManager.java:1442)
	at io.ebeaninternal.server.deploy.BeanDescriptorManager.createByteCode(BeanDescriptorManager.java:1314)
	at io.ebeaninternal.server.deploy.BeanDescriptorManager.readDeployAssociations(BeanDescriptorManager.java:1236)
	at io.ebeaninternal.server.deploy.BeanDescriptorManager.readEntityDeploymentAssociations(BeanDescriptorManager.java:713)
	at io.ebeaninternal.server.deploy.BeanDescriptorManager.deploy(BeanDescriptorManager.java:327)
	at io.ebeaninternal.server.core.InternalConfiguration.<init>(InternalConfiguration.java:147)
	at io.ebeaninternal.server.core.DefaultContainer.createServer(DefaultContainer.java:140)
	at io.ebeaninternal.server.core.DefaultContainer.createServer(DefaultContainer.java:89)
	at io.ebeaninternal.server.core.DefaultContainer.createServer(DefaultContainer.java:45)
	at io.ebean.EbeanServerFactory.create(EbeanServerFactory.java:54)
	at io.ebean.Ebean$ServerManager.getWithCreate(Ebean.java:203)
	at io.ebean.Ebean$ServerManager.<init>(Ebean.java:161)
	at io.ebean.Ebean$ServerManager.<init>(Ebean.java:126)
	at io.ebean.Ebean.<clinit>(Ebean.java:120)
	at com.test.human.CrudTest.insert_via_server(CrudTest.java:28)
	at sun.reflect.NativeMethodAccessorImpl.invoke0(Native Method)
	at sun.reflect.NativeMethodAccessorImpl.invoke(NativeMethodAccessorImpl.java:62)
	at sun.reflect.DelegatingMethodAccessorImpl.invoke(DelegatingMethodAccessorImpl.java:43)
	at java.lang.reflect.Method.invoke(Method.java:498)
	at org.junit.runners.model.FrameworkMethod$1.runReflectiveCall(FrameworkMethod.java:50)
	at org.junit.internal.runners.model.ReflectiveCallable.run(ReflectiveCallable.java:12)
	at org.junit.runners.model.FrameworkMethod.invokeExplosively(FrameworkMethod.java:47)
	at org.junit.internal.runners.statements.InvokeMethod.evaluate(InvokeMethod.java:17)
	at org.junit.runners.ParentRunner.runLeaf(ParentRunner.java:325)
	at org.junit.runners.BlockJUnit4ClassRunner.runChild(BlockJUnit4ClassRunner.java:78)
	at org.junit.runners.BlockJUnit4ClassRunner.runChild(BlockJUnit4ClassRunner.java:57)
	at org.junit.runners.ParentRunner$3.run(ParentRunner.java:290)
	at org.junit.runners.ParentRunner$1.schedule(ParentRunner.java:71)
	at org.junit.runners.ParentRunner.runChildren(ParentRunner.java:288)
	at org.junit.runners.ParentRunner.access$000(ParentRunner.java:58)
	at org.junit.runners.ParentRunner$2.evaluate(ParentRunner.java:268)
	at org.junit.runners.ParentRunner.run(ParentRunner.java:363)
	at org.junit.runner.JUnitCore.run(JUnitCore.java:137)
	at com.intellij.junit4.JUnit4IdeaTestRunner.startRunnerWithArgs(JUnit4IdeaTestRunner.java:68)
	at com.intellij.rt.execution.junit.IdeaTestRunner$Repeater.startRunnerWithArgs(IdeaTestRunner.java:47)
	at com.intellij.rt.execution.junit.JUnitStarter.prepareStreamsAndStart(JUnitStarter.java:242)
	at com.intellij.rt.execution.junit.JUnitStarter.main(JUnitStarter.java:70)
20:29:32.260 [main] INFO  io.ebean.internal.DefaultContainer - DatabasePlatform name:db platform:hsqldb
20:29:32.541 [main] ERROR i.e.s.deploy.BeanDescriptorManager - Error in deployment
java.lang.IllegalStateException: Bean class com.ebean.model.Human is not enhanced?
	at io.ebeaninternal.server.deploy.BeanDescriptorManager.setEntityBeanClass(BeanDescriptorManager.java:1442)
	at io.ebeaninternal.server.deploy.BeanDescriptorManager.createByteCode(BeanDescriptorManager.java:1314)
	at io.ebeaninternal.server.deploy.BeanDescriptorManager.readDeployAssociations(BeanDescriptorManager.java:1236)
	at io.ebeaninternal.server.deploy.BeanDescriptorManager.readEntityDeploymentAssociations(BeanDescriptorManager.java:713)
	at io.ebeaninternal.server.deploy.BeanDescriptorManager.deploy(BeanDescriptorManager.java:327)
	at io.ebeaninternal.server.core.InternalConfiguration.<init>(InternalConfiguration.java:147)
	at io.ebeaninternal.server.core.DefaultContainer.createServer(DefaultContainer.java:140)
	at io.ebeaninternal.server.core.DefaultContainer.createServer(DefaultContainer.java:89)
	at io.ebeaninternal.server.core.DefaultContainer.createServer(DefaultContainer.java:45)
	at io.ebean.EbeanServerFactory.create(EbeanServerFactory.java:54)
	at io.ebean.Ebean$ServerManager.getWithCreate(Ebean.java:203)
	at io.ebean.Ebean$ServerManager.<init>(Ebean.java:161)
	at io.ebean.Ebean$ServerManager.<init>(Ebean.java:126)
	at io.ebean.Ebean.<clinit>(Ebean.java:120)
	at com.test.human.CrudTest.insert_via_server(CrudTest.java:28)
	at sun.reflect.NativeMethodAccessorImpl.invoke0(Native Method)
	at sun.reflect.NativeMethodAccessorImpl.invoke(NativeMethodAccessorImpl.java:62)
	at sun.reflect.DelegatingMethodAccessorImpl.invoke(DelegatingMethodAccessorImpl.java:43)
	at java.lang.reflect.Method.invoke(Method.java:498)
	at org.junit.runners.model.FrameworkMethod$1.runReflectiveCall(FrameworkMethod.java:50)
	at org.junit.internal.runners.model.ReflectiveCallable.run(ReflectiveCallable.java:12)
	at org.junit.runners.model.FrameworkMethod.invokeExplosively(FrameworkMethod.java:47)
	at org.junit.internal.runners.statements.InvokeMethod.evaluate(InvokeMethod.java:17)
	at org.junit.runners.ParentRunner.runLeaf(ParentRunner.java:325)
	at org.junit.runners.BlockJUnit4ClassRunner.runChild(BlockJUnit4ClassRunner.java:78)
	at org.junit.runners.BlockJUnit4ClassRunner.runChild(BlockJUnit4ClassRunner.java:57)
	at org.junit.runners.ParentRunner$3.run(ParentRunner.java:290)
	at org.junit.runners.ParentRunner$1.schedule(ParentRunner.java:71)
	at org.junit.runners.ParentRunner.runChildren(ParentRunner.java:288)
	at org.junit.runners.ParentRunner.access$000(ParentRunner.java:58)
	at org.junit.runners.ParentRunner$2.evaluate(ParentRunner.java:268)
	at org.junit.runners.ParentRunner.run(ParentRunner.java:363)
	at org.junit.runner.JUnitCore.run(JUnitCore.java:137)
	at com.intellij.junit4.JUnit4IdeaTestRunner.startRunnerWithArgs(JUnit4IdeaTestRunner.java:68)
	at com.intellij.rt.execution.junit.IdeaTestRunner$Repeater.startRunnerWithArgs(IdeaTestRunner.java:47)
	at com.intellij.rt.execution.junit.JUnitStarter.prepareStreamsAndStart(JUnitStarter.java:242)
	at com.intellij.rt.execution.junit.JUnitStarter.main(JUnitStarter.java:70)
20:29:32.542 [main] ERROR io.ebean.Ebean - Error trying to create the default EbeanServer
java.lang.IllegalStateException: Bean class com.ebean.model.Human is not enhanced?
	at io.ebeaninternal.server.deploy.BeanDescriptorManager.setEntityBeanClass(BeanDescriptorManager.java:1442)
	at io.ebeaninternal.server.deploy.BeanDescriptorManager.createByteCode(BeanDescriptorManager.java:1314)
	at io.ebeaninternal.server.deploy.BeanDescriptorManager.readDeployAssociations(BeanDescriptorManager.java:1236)
	at io.ebeaninternal.server.deploy.BeanDescriptorManager.readEntityDeploymentAssociations(BeanDescriptorManager.java:713)
	at io.ebeaninternal.server.deploy.BeanDescriptorManager.deploy(BeanDescriptorManager.java:327)
	at io.ebeaninternal.server.core.InternalConfiguration.<init>(InternalConfiguration.java:147)
	at io.ebeaninternal.server.core.DefaultContainer.createServer(DefaultContainer.java:140)
	at io.ebeaninternal.server.core.DefaultContainer.createServer(DefaultContainer.java:89)
	at io.ebeaninternal.server.core.DefaultContainer.createServer(DefaultContainer.java:45)
	at io.ebean.EbeanServerFactory.create(EbeanServerFactory.java:54)
	at io.ebean.Ebean$ServerManager.getWithCreate(Ebean.java:203)
	at io.ebean.Ebean$ServerManager.<init>(Ebean.java:161)
	at io.ebean.Ebean$ServerManager.<init>(Ebean.java:126)
	at io.ebean.Ebean.<clinit>(Ebean.java:120)
	at com.test.human.CrudTest.insert_via_server(CrudTest.java:28)
	at sun.reflect.NativeMethodAccessorImpl.invoke0(Native Method)
	at sun.reflect.NativeMethodAccessorImpl.invoke(NativeMethodAccessorImpl.java:62)
	at sun.reflect.DelegatingMethodAccessorImpl.invoke(DelegatingMethodAccessorImpl.java:43)
	at java.lang.reflect.Method.invoke(Method.java:498)
	at org.junit.runners.model.FrameworkMethod$1.runReflectiveCall(FrameworkMethod.java:50)
	at org.junit.internal.runners.model.ReflectiveCallable.run(ReflectiveCallable.java:12)
	at org.junit.runners.model.FrameworkMethod.invokeExplosively(FrameworkMethod.java:47)
	at org.junit.internal.runners.statements.InvokeMethod.evaluate(InvokeMethod.java:17)
	at org.junit.runners.ParentRunner.runLeaf(ParentRunner.java:325)
	at org.junit.runners.BlockJUnit4ClassRunner.runChild(BlockJUnit4ClassRunner.java:78)
	at org.junit.runners.BlockJUnit4ClassRunner.runChild(BlockJUnit4ClassRunner.java:57)
	at org.junit.runners.ParentRunner$3.run(ParentRunner.java:290)
	at org.junit.runners.ParentRunner$1.schedule(ParentRunner.java:71)
	at org.junit.runners.ParentRunner.runChildren(ParentRunner.java:288)
	at org.junit.runners.ParentRunner.access$000(ParentRunner.java:58)
	at org.junit.runners.ParentRunner$2.evaluate(ParentRunner.java:268)
	at org.junit.runners.ParentRunner.run(ParentRunner.java:363)
	at org.junit.runner.JUnitCore.run(JUnitCore.java:137)
	at com.intellij.junit4.JUnit4IdeaTestRunner.startRunnerWithArgs(JUnit4IdeaTestRunner.java:68)
	at com.intellij.rt.execution.junit.IdeaTestRunner$Repeater.startRunnerWithArgs(IdeaTestRunner.java:47)
	at com.intellij.rt.execution.junit.JUnitStarter.prepareStreamsAndStart(JUnitStarter.java:242)
	at com.intellij.rt.execution.junit.JUnitStarter.main(JUnitStarter.java:70)
20:30:55.353 [main] INFO  io.ebean.internal.DefaultContainer - DatabasePlatform name:db platform:hsqldb
20:30:55.569 [main] TRACE io.ebean.TXN - txn[1001] Begin
20:30:55.570 [main] INFO  io.ebean.DDL - Executing db-create-all.sql - 1 statements
20:30:55.570 [main] DEBUG io.ebean.DDL - executing 1 of 1 create table human ( id                            bigint generated by default a...
20:30:55.576 [main] DEBUG io.ebean.TXN - txn[1001] Commit
20:30:55.586 [main] DEBUG io.ebean.SUM - txn[1002] Error[user lacks privilege or object not found: id]
20:30:55.586 [main] TRACE io.ebean.TXN - txn[1002] Commit - query only
20:31:46.097 [main] INFO  io.ebean.internal.DefaultContainer - DatabasePlatform name:db platform:hsqldb
20:31:46.312 [main] TRACE io.ebean.TXN - txn[1001] Begin
20:31:46.313 [main] INFO  io.ebean.DDL - Executing db-create-all.sql - 1 statements
20:31:46.313 [main] DEBUG io.ebean.DDL - executing 1 of 1 create table human ( id                            bigint generated by default a...
20:31:46.318 [main] DEBUG io.ebean.TXN - txn[1001] Commit
20:31:46.328 [main] DEBUG io.ebean.SUM - txn[1002] Error[user lacks privilege or object not found: id]
20:31:46.328 [main] TRACE io.ebean.TXN - txn[1002] Commit - query only
20:32:13.930 [main] ERROR o.a.datasource.pool.ConnectionPool - FATAL: DataSourcePool [db] is down or has network error!!!
20:32:13.935 [main] ERROR io.ebean.Ebean - Error trying to create the default EbeanServer
java.lang.RuntimeException: java.sql.SQLInvalidAuthorizationSpecException: invalid authorization specification
	at org.avaje.datasource.pool.ConnectionPool.<init>(ConnectionPool.java:229)
	at org.avaje.datasource.core.Factory.createPool(Factory.java:15)
	at io.ebeaninternal.server.core.DefaultContainer.getDataSourceFromConfig(DefaultContainer.java:320)
	at io.ebeaninternal.server.core.DefaultContainer.setDataSource(DefaultContainer.java:275)
	at io.ebeaninternal.server.core.DefaultContainer.createServer(DefaultContainer.java:118)
	at io.ebeaninternal.server.core.DefaultContainer.createServer(DefaultContainer.java:89)
	at io.ebeaninternal.server.core.DefaultContainer.createServer(DefaultContainer.java:45)
	at io.ebean.EbeanServerFactory.create(EbeanServerFactory.java:54)
	at io.ebean.Ebean$ServerManager.getWithCreate(Ebean.java:203)
	at io.ebean.Ebean$ServerManager.<init>(Ebean.java:161)
	at io.ebean.Ebean$ServerManager.<init>(Ebean.java:126)
	at io.ebean.Ebean.<clinit>(Ebean.java:120)
	at com.test.human.CrudTest.insert_via_server(CrudTest.java:28)
	at sun.reflect.NativeMethodAccessorImpl.invoke0(Native Method)
	at sun.reflect.NativeMethodAccessorImpl.invoke(NativeMethodAccessorImpl.java:62)
	at sun.reflect.DelegatingMethodAccessorImpl.invoke(DelegatingMethodAccessorImpl.java:43)
	at java.lang.reflect.Method.invoke(Method.java:498)
	at org.junit.runners.model.FrameworkMethod$1.runReflectiveCall(FrameworkMethod.java:50)
	at org.junit.internal.runners.model.ReflectiveCallable.run(ReflectiveCallable.java:12)
	at org.junit.runners.model.FrameworkMethod.invokeExplosively(FrameworkMethod.java:47)
	at org.junit.internal.runners.statements.InvokeMethod.evaluate(InvokeMethod.java:17)
	at org.junit.runners.ParentRunner.runLeaf(ParentRunner.java:325)
	at org.junit.runners.BlockJUnit4ClassRunner.runChild(BlockJUnit4ClassRunner.java:78)
	at org.junit.runners.BlockJUnit4ClassRunner.runChild(BlockJUnit4ClassRunner.java:57)
	at org.junit.runners.ParentRunner$3.run(ParentRunner.java:290)
	at org.junit.runners.ParentRunner$1.schedule(ParentRunner.java:71)
	at org.junit.runners.ParentRunner.runChildren(ParentRunner.java:288)
	at org.junit.runners.ParentRunner.access$000(ParentRunner.java:58)
	at org.junit.runners.ParentRunner$2.evaluate(ParentRunner.java:268)
	at org.junit.runners.ParentRunner.run(ParentRunner.java:363)
	at org.apache.maven.surefire.junit4.JUnit4Provider.execute(JUnit4Provider.java:252)
	at org.apache.maven.surefire.junit4.JUnit4Provider.executeTestSet(JUnit4Provider.java:141)
	at org.apache.maven.surefire.junit4.JUnit4Provider.invoke(JUnit4Provider.java:112)
	at sun.reflect.NativeMethodAccessorImpl.invoke0(Native Method)
	at sun.reflect.NativeMethodAccessorImpl.invoke(NativeMethodAccessorImpl.java:62)
	at sun.reflect.DelegatingMethodAccessorImpl.invoke(DelegatingMethodAccessorImpl.java:43)
	at java.lang.reflect.Method.invoke(Method.java:498)
	at org.apache.maven.surefire.util.ReflectionUtils.invokeMethodWithArray(ReflectionUtils.java:189)
	at org.apache.maven.surefire.booter.ProviderFactory$ProviderProxy.invoke(ProviderFactory.java:165)
	at org.apache.maven.surefire.booter.ProviderFactory.invokeProvider(ProviderFactory.java:85)
	at org.apache.maven.surefire.booter.ForkedBooter.runSuitesInProcess(ForkedBooter.java:115)
	at org.apache.maven.surefire.booter.ForkedBooter.main(ForkedBooter.java:75)
Caused by: java.sql.SQLInvalidAuthorizationSpecException: invalid authorization specification
	at org.hsqldb.jdbc.Util.sqlException(Unknown Source)
	at org.hsqldb.jdbc.Util.sqlException(Unknown Source)
	at org.hsqldb.jdbc.JDBCConnection.<init>(Unknown Source)
	at org.hsqldb.jdbc.JDBCDriver.getConnection(Unknown Source)
	at org.hsqldb.jdbc.JDBCDriver.connect(Unknown Source)
	at java.sql.DriverManager.getConnection(DriverManager.java:664)
	at java.sql.DriverManager.getConnection(DriverManager.java:208)
	at org.avaje.datasource.pool.ConnectionPool.createUnpooledConnection(ConnectionPool.java:429)
	at org.avaje.datasource.pool.ConnectionPool.createConnectionForQueue(ConnectionPool.java:662)
	at org.avaje.datasource.pool.PooledConnectionQueue.ensureMinimumConnections(PooledConnectionQueue.java:228)
	at org.avaje.datasource.pool.ConnectionPool.initialise(ConnectionPool.java:272)
	at org.avaje.datasource.pool.ConnectionPool.<init>(ConnectionPool.java:222)
	... 41 common frames omitted
Caused by: org.hsqldb.HsqlException: invalid authorization specification
	at org.hsqldb.error.Error.error(Unknown Source)
	at org.hsqldb.error.Error.error(Unknown Source)
	at org.hsqldb.rights.User.checkPassword(Unknown Source)
	at org.hsqldb.rights.UserManager.getUser(Unknown Source)
	at org.hsqldb.Database.connect(Unknown Source)
	at org.hsqldb.DatabaseManager.newSession(Unknown Source)
	... 51 common frames omitted
20:32:40.754 [main] INFO  io.ebean.internal.DefaultContainer - DatabasePlatform name:db platform:hsqldb
20:32:40.972 [main] TRACE io.ebean.TXN - txn[1001] Begin
20:32:40.972 [main] INFO  io.ebean.DDL - Executing db-create-all.sql - 1 statements
20:32:40.973 [main] DEBUG io.ebean.DDL - executing 1 of 1 create table human ( id                            bigint generated by default a...
20:32:40.978 [main] DEBUG io.ebean.TXN - txn[1001] Commit
20:32:40.988 [main] DEBUG io.ebean.SUM - txn[1002] Error[user lacks privilege or object not found: id]
20:32:40.988 [main] TRACE io.ebean.TXN - txn[1002] Commit - query only
20:33:00.705 [main] INFO  io.ebean.internal.DefaultContainer - DatabasePlatform name:db platform:hsqldb
20:33:00.920 [main] TRACE io.ebean.TXN - txn[1001] Begin
20:33:00.921 [main] INFO  io.ebean.DDL - Executing db-create-all.sql - 1 statements
20:33:00.921 [main] DEBUG io.ebean.DDL - executing 1 of 1 create table human ( userid                        bigint generated by default a...
20:33:00.927 [main] DEBUG io.ebean.TXN - txn[1001] Commit
20:33:00.936 [main] DEBUG io.ebean.SUM - txn[1002] Error[user lacks privilege or object not found: userId]
20:33:00.937 [main] TRACE io.ebean.TXN - txn[1002] Commit - query only
20:33:29.509 [main] INFO  io.ebean.internal.DefaultContainer - DatabasePlatform name:db platform:hsqldb
20:33:29.720 [main] TRACE io.ebean.TXN - txn[1001] Begin
20:33:29.721 [main] INFO  io.ebean.DDL - Executing db-create-all.sql - 1 statements
20:33:29.721 [main] DEBUG io.ebean.DDL - executing 1 of 1 create table human ( userid                        bigint generated by default a...
20:33:29.726 [main] DEBUG io.ebean.TXN - txn[1001] Commit
20:33:29.736 [main] DEBUG io.ebean.SUM - txn[1002] Error[user lacks privilege or object not found: userId]
20:33:29.736 [main] TRACE io.ebean.TXN - txn[1002] Commit - query only
